2023-05-20T08:17:47+00:00 CRITICAL Uncaught TypeError: implode(): Argument #1 ($pieces) must be of type array, string given in /var/www/woo/wp-content/plugins/woocommerce/includes/wc-webhook-functions.php:64
Stack trace:
#0 /var/www/woo/wp-content/plugins/woocommerce/includes/wc-webhook-functions.php(64): implode()
#1 /var/www/woo/wp-includes/class-wp-hook.php(308): wc_webhook_process_delivery()
#2 /var/www/woo/wp-includes/class-wp-hook.php(332): WP_Hook->apply_filters()
#3 /var/www/woo/wp-includes/plugin.php(517): WP_Hook->do_action()
#4 /var/www/woo/wp-content/plugins/woocommerce/includes/class-wc-webhook.php(158): do_action()
#5 /var/www/woo/wp-includes/class-wp-hook.php(310): WC_Webhook->process()
#6 /var/www/woo/wp-includes/class-wp-hook.php(332): WP_Hook->apply_filters()
#7 /var/www/woo/wp-includes/plugin.php(517): WP_Hook->do_action()
#8 /var/www/woo/wp-content/plugins/woocommerce/includes/data-stores/class-wc-order-data-store-cpt.php(103): do_action()
#9 /var/www/woo/wp-content/plugins/woocommerce/includes/class-wc-data-store.php(186): WC_Order_Data_Store_CPT->create()
#10 /var/www/woo/wp-content/plugins/woocommerce/includes/abstracts/abstract-wc-order.php(214): WC_Data_Store->create()
#11 /var/www/woo/wp-content/plugins/woocommerce/includes/class-wc-order.php(244): WC_Abstract_Order->save()
#12 /var/www/woo/wp-content/plugins/woocommerce/includes/class-wc-checkout.php(449): WC_Order->save()
#13 /var/www/woo/wp-content/plugins/woocommerce/includes/class-wc-checkout.php(1256): WC_Checkout->create_order()
#14 /var/www/woo/wp-content/plugins/woocommerce/includes/class-wc-ajax.php(485): WC_Checkout->process_checkout()
#15 /var/www/woo/wp-includes/class-wp-hook.php(308): WC_AJAX::checkout()
#16 /var/www/woo/wp-includes/class-wp-hook.php(332): WP_Hook->apply_filters()
#17 /var/www/woo/wp-includes/plugin.php(517): WP_Hook->do_action()
#18 /var/www/woo/wp-content/plugins/woocommerce/includes/class-wc-ajax.php(96): do_action()
#19 /var/www/woo/wp-includes/class-wp-hook.php(308): WC_AJAX::do_wc_ajax()
#20 /var/www/woo/wp-includes/class-wp-hook.php(332): WP_Hook->apply_filters()
#21 /var/www/woo/wp-includes/plugin.php(517): WP_Hook->do_action()
#22 /var/www/woo/wp-includes/template-loader.php(13): do_action()
#23 /var/www/woo/wp-blog-header.php(19): require_once('...')
#24 /var/www/woo/index.php(17): require('...')
#25 {main}
  thrown in /var/www/woo/wp-content/plugins/woocommerce/includes/wc-webhook-functions.php on line 64

2023-05-20T08:18:09+00:00 CRITICAL Uncaught TypeError: implode(): Argument #1 ($pieces) must be of type array, string given in /var/www/woo/wp-content/plugins/woocommerce/includes/wc-webhook-functions.php:64
Stack trace:
#0 /var/www/woo/wp-content/plugins/woocommerce/includes/wc-webhook-functions.php(64): implode()
#1 /var/www/woo/wp-includes/class-wp-hook.php(308): wc_webhook_process_delivery()
#2 /var/www/woo/wp-includes/class-wp-hook.php(332): WP_Hook->apply_filters()
#3 /var/www/woo/wp-includes/plugin.php(517): WP_Hook->do_action()
#4 /var/www/woo/wp-content/plugins/woocommerce/includes/class-wc-webhook.php(158): do_action()
#5 /var/www/woo/wp-includes/class-wp-hook.php(310): WC_Webhook->process()
#6 /var/www/woo/wp-includes/class-wp-hook.php(332): WP_Hook->apply_filters()
#7 /var/www/woo/wp-includes/plugin.php(517): WP_Hook->do_action()
#8 /var/www/woo/wp-content/plugins/woocommerce/includes/data-stores/class-wc-order-data-store-cpt.php(103): do_action()
#9 /var/www/woo/wp-content/plugins/woocommerce/includes/class-wc-data-store.php(186): WC_Order_Data_Store_CPT->create()
#10 /var/www/woo/wp-content/plugins/woocommerce/includes/abstracts/abstract-wc-order.php(214): WC_Data_Store->create()
#11 /var/www/woo/wp-content/plugins/woocommerce/includes/class-wc-order.php(244): WC_Abstract_Order->save()
#12 /var/www/woo/wp-content/plugins/woocommerce/includes/class-wc-checkout.php(449): WC_Order->save()
#13 /var/www/woo/wp-content/plugins/woocommerce/includes/class-wc-checkout.php(1256): WC_Checkout->create_order()
#14 /var/www/woo/wp-content/plugins/woocommerce/includes/class-wc-ajax.php(485): WC_Checkout->process_checkout()
#15 /var/www/woo/wp-includes/class-wp-hook.php(308): WC_AJAX::checkout()
#16 /var/www/woo/wp-includes/class-wp-hook.php(332): WP_Hook->apply_filters()
#17 /var/www/woo/wp-includes/plugin.php(517): WP_Hook->do_action()
#18 /var/www/woo/wp-content/plugins/woocommerce/includes/class-wc-ajax.php(96): do_action()
#19 /var/www/woo/wp-includes/class-wp-hook.php(308): WC_AJAX::do_wc_ajax()
#20 /var/www/woo/wp-includes/class-wp-hook.php(332): WP_Hook->apply_filters()
#21 /var/www/woo/wp-includes/plugin.php(517): WP_Hook->do_action()
#22 /var/www/woo/wp-includes/template-loader.php(13): do_action()
#23 /var/www/woo/wp-blog-header.php(19): require_once('...')
#24 /var/www/woo/index.php(17): require('...')
#25 {main}
  thrown in /var/www/woo/wp-content/plugins/woocommerce/includes/wc-webhook-functions.php on line 64

2023-05-20T08:18:19+00:00 CRITICAL Uncaught TypeError: implode(): Argument #1 ($pieces) must be of type array, string given in /var/www/woo/wp-content/plugins/woocommerce/includes/wc-webhook-functions.php:64
Stack trace:
#0 /var/www/woo/wp-content/plugins/woocommerce/includes/wc-webhook-functions.php(64): implode()
#1 /var/www/woo/wp-includes/class-wp-hook.php(308): wc_webhook_process_delivery()
#2 /var/www/woo/wp-includes/class-wp-hook.php(332): WP_Hook->apply_filters()
#3 /var/www/woo/wp-includes/plugin.php(517): WP_Hook->do_action()
#4 /var/www/woo/wp-content/plugins/woocommerce/includes/class-wc-webhook.php(158): do_action()
#5 /var/www/woo/wp-includes/class-wp-hook.php(310): WC_Webhook->process()
#6 /var/www/woo/wp-includes/class-wp-hook.php(332): WP_Hook->apply_filters()
#7 /var/www/woo/wp-includes/plugin.php(517): WP_Hook->do_action()
#8 /var/www/woo/wp-content/plugins/woocommerce/includes/data-stores/class-wc-order-data-store-cpt.php(103): do_action()
#9 /var/www/woo/wp-content/plugins/woocommerce/includes/class-wc-data-store.php(186): WC_Order_Data_Store_CPT->create()
#10 /var/www/woo/wp-content/plugins/woocommerce/includes/abstracts/abstract-wc-order.php(214): WC_Data_Store->create()
#11 /var/www/woo/wp-content/plugins/woocommerce/includes/class-wc-order.php(244): WC_Abstract_Order->save()
#12 /var/www/woo/wp-content/plugins/woocommerce/includes/class-wc-checkout.php(449): WC_Order->save()
#13 /var/www/woo/wp-content/plugins/woocommerce/includes/class-wc-checkout.php(1256): WC_Checkout->create_order()
#14 /var/www/woo/wp-content/plugins/woocommerce/includes/class-wc-ajax.php(485): WC_Checkout->process_checkout()
#15 /var/www/woo/wp-includes/class-wp-hook.php(308): WC_AJAX::checkout()
#16 /var/www/woo/wp-includes/class-wp-hook.php(332): WP_Hook->apply_filters()
#17 /var/www/woo/wp-includes/plugin.php(517): WP_Hook->do_action()
#18 /var/www/woo/wp-content/plugins/woocommerce/includes/class-wc-ajax.php(96): do_action()
#19 /var/www/woo/wp-includes/class-wp-hook.php(308): WC_AJAX::do_wc_ajax()
#20 /var/www/woo/wp-includes/class-wp-hook.php(332): WP_Hook->apply_filters()
#21 /var/www/woo/wp-includes/plugin.php(517): WP_Hook->do_action()
#22 /var/www/woo/wp-includes/template-loader.php(13): do_action()
#23 /var/www/woo/wp-blog-header.php(19): require_once('...')
#24 /var/www/woo/index.php(17): require('...')
#25 {main}
  thrown in /var/www/woo/wp-content/plugins/woocommerce/includes/wc-webhook-functions.php on line 64

2023-05-20T08:19:48+00:00 CRITICAL Uncaught TypeError: implode(): Argument #1 ($pieces) must be of type array, string given in /var/www/woo/wp-content/plugins/woocommerce/includes/wc-webhook-functions.php:64
Stack trace:
#0 /var/www/woo/wp-content/plugins/woocommerce/includes/wc-webhook-functions.php(64): implode()
#1 /var/www/woo/wp-includes/class-wp-hook.php(308): wc_webhook_process_delivery()
#2 /var/www/woo/wp-includes/class-wp-hook.php(332): WP_Hook->apply_filters()
#3 /var/www/woo/wp-includes/plugin.php(517): WP_Hook->do_action()
#4 /var/www/woo/wp-content/plugins/woocommerce/includes/class-wc-webhook.php(158): do_action()
#5 /var/www/woo/wp-includes/class-wp-hook.php(310): WC_Webhook->process()
#6 /var/www/woo/wp-includes/class-wp-hook.php(332): WP_Hook->apply_filters()
#7 /var/www/woo/wp-includes/plugin.php(517): WP_Hook->do_action()
#8 /var/www/woo/wp-content/plugins/woocommerce/includes/data-stores/class-wc-order-data-store-cpt.php(103): do_action()
#9 /var/www/woo/wp-content/plugins/woocommerce/includes/class-wc-data-store.php(186): WC_Order_Data_Store_CPT->create()
#10 /var/www/woo/wp-content/plugins/woocommerce/includes/abstracts/abstract-wc-order.php(214): WC_Data_Store->create()
#11 /var/www/woo/wp-content/plugins/woocommerce/includes/class-wc-order.php(244): WC_Abstract_Order->save()
#12 /var/www/woo/wp-content/plugins/woocommerce/includes/class-wc-checkout.php(449): WC_Order->save()
#13 /var/www/woo/wp-content/plugins/woocommerce/includes/class-wc-checkout.php(1256): WC_Checkout->create_order()
#14 /var/www/woo/wp-content/plugins/woocommerce/includes/class-wc-ajax.php(485): WC_Checkout->process_checkout()
#15 /var/www/woo/wp-includes/class-wp-hook.php(308): WC_AJAX::checkout()
#16 /var/www/woo/wp-includes/class-wp-hook.php(332): WP_Hook->apply_filters()
#17 /var/www/woo/wp-includes/plugin.php(517): WP_Hook->do_action()
#18 /var/www/woo/wp-content/plugins/woocommerce/includes/class-wc-ajax.php(96): do_action()
#19 /var/www/woo/wp-includes/class-wp-hook.php(308): WC_AJAX::do_wc_ajax()
#20 /var/www/woo/wp-includes/class-wp-hook.php(332): WP_Hook->apply_filters()
#21 /var/www/woo/wp-includes/plugin.php(517): WP_Hook->do_action()
#22 /var/www/woo/wp-includes/template-loader.php(13): do_action()
#23 /var/www/woo/wp-blog-header.php(19): require_once('...')
#24 /var/www/woo/index.php(17): require('...')
#25 {main}
  thrown in /var/www/woo/wp-content/plugins/woocommerce/includes/wc-webhook-functions.php on line 64

2023-05-20T08:19:56+00:00 CRITICAL Uncaught TypeError: implode(): Argument #1 ($pieces) must be of type array, string given in /var/www/woo/wp-content/plugins/woocommerce/includes/wc-webhook-functions.php:64
Stack trace:
#0 /var/www/woo/wp-content/plugins/woocommerce/includes/wc-webhook-functions.php(64): implode()
#1 /var/www/woo/wp-includes/class-wp-hook.php(308): wc_webhook_process_delivery()
#2 /var/www/woo/wp-includes/class-wp-hook.php(332): WP_Hook->apply_filters()
#3 /var/www/woo/wp-includes/plugin.php(517): WP_Hook->do_action()
#4 /var/www/woo/wp-content/plugins/woocommerce/includes/class-wc-webhook.php(158): do_action()
#5 /var/www/woo/wp-includes/class-wp-hook.php(310): WC_Webhook->process()
#6 /var/www/woo/wp-includes/class-wp-hook.php(332): WP_Hook->apply_filters()
#7 /var/www/woo/wp-includes/plugin.php(517): WP_Hook->do_action()
#8 /var/www/woo/wp-content/plugins/woocommerce/includes/data-stores/class-wc-order-data-store-cpt.php(103): do_action()
#9 /var/www/woo/wp-content/plugins/woocommerce/includes/class-wc-data-store.php(186): WC_Order_Data_Store_CPT->create()
#10 /var/www/woo/wp-content/plugins/woocommerce/includes/abstracts/abstract-wc-order.php(214): WC_Data_Store->create()
#11 /var/www/woo/wp-content/plugins/woocommerce/includes/class-wc-order.php(244): WC_Abstract_Order->save()
#12 /var/www/woo/wp-content/plugins/woocommerce/includes/class-wc-checkout.php(449): WC_Order->save()
#13 /var/www/woo/wp-content/plugins/woocommerce/includes/class-wc-checkout.php(1256): WC_Checkout->create_order()
#14 /var/www/woo/wp-content/plugins/woocommerce/includes/class-wc-ajax.php(485): WC_Checkout->process_checkout()
#15 /var/www/woo/wp-includes/class-wp-hook.php(308): WC_AJAX::checkout()
#16 /var/www/woo/wp-includes/class-wp-hook.php(332): WP_Hook->apply_filters()
#17 /var/www/woo/wp-includes/plugin.php(517): WP_Hook->do_action()
#18 /var/www/woo/wp-content/plugins/woocommerce/includes/class-wc-ajax.php(96): do_action()
#19 /var/www/woo/wp-includes/class-wp-hook.php(308): WC_AJAX::do_wc_ajax()
#20 /var/www/woo/wp-includes/class-wp-hook.php(332): WP_Hook->apply_filters()
#21 /var/www/woo/wp-includes/plugin.php(517): WP_Hook->do_action()
#22 /var/www/woo/wp-includes/template-loader.php(13): do_action()
#23 /var/www/woo/wp-blog-header.php(19): require_once('...')
#24 /var/www/woo/index.php(17): require('...')
#25 {main}
  thrown in /var/www/woo/wp-content/plugins/woocommerce/includes/wc-webhook-functions.php on line 64

2023-05-20T17:58:31+00:00 CRITICAL Uncaught Exception: Serialization of 'CurlHandle' is not allowed in /var/www/woo/wp-includes/Requests/Transport/cURL.php:172
Stack trace:
#0 /var/www/woo/wp-includes/Requests/Transport/cURL.php(172): serialize()
#1 /var/www/woo/wp-includes/class-requests.php(385): Requests_Transport_cURL->request()
#2 /var/www/woo/wp-includes/class-wp-http.php(405): Requests::request()
#3 /var/www/woo/wp-includes/class-wp-http.php(625): WP_Http->request()
#4 /var/www/woo/wp-includes/http.php(184): WP_Http->post()
#5 /var/www/woo/wp-includes/cron.php(922): wp_remote_post()
#6 /var/www/woo/wp-includes/cron.php(994): spawn_cron()
#7 /var/www/woo/wp-includes/class-wp-hook.php(308): _wp_cron()
#8 /var/www/woo/wp-includes/class-wp-hook.php(332): WP_Hook->apply_filters()
#9 /var/www/woo/wp-includes/plugin.php(517): WP_Hook->do_action()
#10 /var/www/woo/wp-settings.php(639): do_action()
#11 /var/www/woo/wp-config.php(98): require_once('...')
#12 /var/www/woo/wp-load.php(50): require_once('...')
#13 /var/www/woo/wp-blog-header.php(13): require_once('...')
#14 /var/www/woo/index.php(17): require('...')
#15 {main}
  thrown in /var/www/woo/wp-includes/Requests/Transport/cURL.php on line 172

2023-05-20T17:58:56+00:00 CRITICAL Uncaught Exception: Serialization of 'CurlHandle' is not allowed in /var/www/woo/wp-includes/Requests/Transport/cURL.php:172
Stack trace:
#0 /var/www/woo/wp-includes/Requests/Transport/cURL.php(172): serialize()
#1 /var/www/woo/wp-includes/class-requests.php(385): Requests_Transport_cURL->request()
#2 /var/www/woo/wp-includes/class-wp-http.php(405): Requests::request()
#3 /var/www/woo/wp-includes/class-wp-http.php(643): WP_Http->request()
#4 /var/www/woo/wp-includes/http.php(167): WP_Http->get()
#5 /var/www/woo/wp-content/plugins/woocommerce/src/Internal/Admin/Onboarding/OnboardingProducts.php(96): wp_remote_get()
#6 /var/www/woo/wp-content/plugins/woocommerce/src/Internal/Admin/Onboarding/OnboardingProducts.php(146): Automattic\WooCommerce\Internal\Admin\Onboarding\OnboardingProducts::get_product_data()
#7 /var/www/woo/wp-content/plugins/woocommerce/src/Internal/Admin/Onboarding/OnboardingProducts.php(158): Automattic\WooCommerce\Internal\Admin\Onboarding\OnboardingProducts::get_product_types_with_data()
#8 /var/www/woo/wp-content/plugins/woocommerce/src/Admin/Features/OnboardingTasks/Tasks/Purchase.php(188): Automattic\WooCommerce\Internal\Admin\Onboarding\OnboardingProducts::get_relevant_products()
#9 /var/www/woo/wp-content/plugins/woocommerce/src/Admin/Features/OnboardingTasks/Tasks/Purchase.php(178): Automattic\WooCommerce\Admin\Features\OnboardingTasks\Tasks\Purchase::get_paid_products_and_themes()
#10 /var/www/woo/wp-content/plugins/woocommerce/src/Admin/Features/OnboardingTasks/TaskList.php(304): Automattic\WooCommerce\Admin\Features\OnboardingTasks\Tasks\Purchase->can_view()
#11 [internal function]: Automattic\WooCommerce\Admin\Features\OnboardingTasks\TaskList->Automattic\WooCommerce\Admin\Features\OnboardingTasks\{closure}()
#12 /var/www/woo/wp-content/plugins/woocommerce/src/Admin/Features/OnboardingTasks/TaskList.php(305): array_filter()
#13 /var/www/woo/wp-content/plugins/woocommerce/src/Admin/Features/OnboardingTasks/TaskList.php(171): Automattic\WooCommerce\Admin\Features\OnboardingTasks\TaskList->get_viewable_tasks()
#14 /var/www/woo/wp-content/plugins/woocommerce/src/Admin/Features/OnboardingTasks/TaskLists.php(384): Automattic\WooCommerce\Admin\Features\OnboardingTasks\TaskList->is_visible()
#15 [internal function]: Automattic\WooCommerce\Admin\Features\OnboardingTasks\TaskLists::Automattic\WooCommerce\Admin\Features\OnboardingTasks\{closure}()
#16 /var/www/woo/wp-content/plugins/woocommerce/src/Admin/Features/OnboardingTasks/TaskLists.php(385): array_filter()
#17 /var/www/woo/wp-content/plugins/woocommerce/src/Admin/Features/OnboardingTasks/TaskLists.php(490): Automattic\WooCommerce\Admin\Features\OnboardingTasks\TaskLists::get_visible()
#18 /var/www/woo/wp-includes/class-wp-hook.php(308): Automattic\WooCommerce\Admin\Features\OnboardingTasks\TaskLists::task_list_preloaded_settings()
#19 /var/www/woo/wp-includes/plugin.php(205): WP_Hook->apply_filters()
#20 /var/www/woo/wp-content/plugins/woocommerce/src/Internal/Admin/WCAdminSharedSettings.php(61): apply_filters()
#21 /var/www/woo/wp-content/plugins/woocommerce/packages/woocommerce-blocks/src/Assets/AssetDataRegistry.php(282): Automattic\WooCommerce\Internal\Admin\WCAdminSharedSettings->Automattic\WooCommerce\Internal\Admin\{closure}()
#22 /var/www/woo/wp-content/plugins/woocommerce/packages/woocommerce-blocks/src/Assets/AssetDataRegistry.php(383): Automattic\WooCommerce\Blocks\Assets\AssetDataRegistry->execute_lazy_data()
#23 /var/www/woo/wp-includes/class-wp-hook.php(308): Automattic\WooCommerce\Blocks\Assets\AssetDataRegistry->enqueue_asset_data()
#24 /var/www/woo/wp-includes/class-wp-hook.php(332): WP_Hook->apply_filters()
#25 /var/www/woo/wp-includes/plugin.php(517): WP_Hook->do_action()
#26 /var/www/woo/wp-includes/script-loader.php(2163): do_action()
#27 /var/www/woo/wp-includes/class-wp-hook.php(308): wp_print_footer_scripts()
#28 /var/www/woo/wp-includes/class-wp-hook.php(332): WP_Hook->apply_filters()
#29 /var/www/woo/wp-includes/plugin.php(517): WP_Hook->do_action()
#30 /var/www/woo/wp-includes/general-template.php(3059): do_action()
#31 /var/www/woo/wp-includes/template-canvas.php(25): wp_footer()
#32 /var/www/woo/wp-includes/template-loader.php(106): include('...')
#33 /var/www/woo/wp-blog-header.php(19): require_once('...')
#34 /var/www/woo/index.php(17): require('...')
#35 {main}
  thrown in /var/www/woo/wp-includes/Requests/Transport/cURL.php on line 172

2023-05-20T17:59:05+00:00 CRITICAL Uncaught Exception: Serialization of 'CurlHandle' is not allowed in /var/www/woo/wp-includes/Requests/Transport/cURL.php:172
Stack trace:
#0 /var/www/woo/wp-includes/Requests/Transport/cURL.php(172): serialize()
#1 /var/www/woo/wp-includes/class-requests.php(385): Requests_Transport_cURL->request()
#2 /var/www/woo/wp-includes/class-wp-http.php(405): Requests::request()
#3 /var/www/woo/wp-includes/class-wp-http.php(643): WP_Http->request()
#4 /var/www/woo/wp-includes/http.php(167): WP_Http->get()
#5 /var/www/woo/wp-content/plugins/woocommerce/src/Internal/Admin/Onboarding/OnboardingProducts.php(96): wp_remote_get()
#6 /var/www/woo/wp-content/plugins/woocommerce/src/Internal/Admin/Onboarding/OnboardingProducts.php(146): Automattic\WooCommerce\Internal\Admin\Onboarding\OnboardingProducts::get_product_data()
#7 /var/www/woo/wp-content/plugins/woocommerce/src/Internal/Admin/Onboarding/OnboardingProducts.php(158): Automattic\WooCommerce\Internal\Admin\Onboarding\OnboardingProducts::get_product_types_with_data()
#8 /var/www/woo/wp-content/plugins/woocommerce/src/Admin/Features/OnboardingTasks/Tasks/Purchase.php(188): Automattic\WooCommerce\Internal\Admin\Onboarding\OnboardingProducts::get_relevant_products()
#9 /var/www/woo/wp-content/plugins/woocommerce/src/Admin/Features/OnboardingTasks/Tasks/Purchase.php(178): Automattic\WooCommerce\Admin\Features\OnboardingTasks\Tasks\Purchase::get_paid_products_and_themes()
#10 /var/www/woo/wp-content/plugins/woocommerce/src/Admin/Features/OnboardingTasks/TaskList.php(304): Automattic\WooCommerce\Admin\Features\OnboardingTasks\Tasks\Purchase->can_view()
#11 [internal function]: Automattic\WooCommerce\Admin\Features\OnboardingTasks\TaskList->Automattic\WooCommerce\Admin\Features\OnboardingTasks\{closure}()
#12 /var/www/woo/wp-content/plugins/woocommerce/src/Admin/Features/OnboardingTasks/TaskList.php(305): array_filter()
#13 /var/www/woo/wp-content/plugins/woocommerce/src/Admin/Features/OnboardingTasks/TaskList.php(171): Automattic\WooCommerce\Admin\Features\OnboardingTasks\TaskList->get_viewable_tasks()
#14 /var/www/woo/wp-content/plugins/woocommerce/src/Admin/Features/OnboardingTasks/TaskLists.php(384): Automattic\WooCommerce\Admin\Features\OnboardingTasks\TaskList->is_visible()
#15 [internal function]: Automattic\WooCommerce\Admin\Features\OnboardingTasks\TaskLists::Automattic\WooCommerce\Admin\Features\OnboardingTasks\{closure}()
#16 /var/www/woo/wp-content/plugins/woocommerce/src/Admin/Features/OnboardingTasks/TaskLists.php(385): array_filter()
#17 /var/www/woo/wp-content/plugins/woocommerce/src/Admin/Features/OnboardingTasks/TaskLists.php(490): Automattic\WooCommerce\Admin\Features\OnboardingTasks\TaskLists::get_visible()
#18 /var/www/woo/wp-includes/class-wp-hook.php(308): Automattic\WooCommerce\Admin\Features\OnboardingTasks\TaskLists::task_list_preloaded_settings()
#19 /var/www/woo/wp-includes/plugin.php(205): WP_Hook->apply_filters()
#20 /var/www/woo/wp-content/plugins/woocommerce/src/Internal/Admin/WCAdminSharedSettings.php(61): apply_filters()
#21 /var/www/woo/wp-content/plugins/woocommerce/packages/woocommerce-blocks/src/Assets/AssetDataRegistry.php(282): Automattic\WooCommerce\Internal\Admin\WCAdminSharedSettings->Automattic\WooCommerce\Internal\Admin\{closure}()
#22 /var/www/woo/wp-content/plugins/woocommerce/packages/woocommerce-blocks/src/Assets/AssetDataRegistry.php(383): Automattic\WooCommerce\Blocks\Assets\AssetDataRegistry->execute_lazy_data()
#23 /var/www/woo/wp-includes/class-wp-hook.php(308): Automattic\WooCommerce\Blocks\Assets\AssetDataRegistry->enqueue_asset_data()
#24 /var/www/woo/wp-includes/class-wp-hook.php(332): WP_Hook->apply_filters()
#25 /var/www/woo/wp-includes/plugin.php(517): WP_Hook->do_action()
#26 /var/www/woo/wp-includes/script-loader.php(2163): do_action()
#27 /var/www/woo/wp-includes/class-wp-hook.php(308): wp_print_footer_scripts()
#28 /var/www/woo/wp-includes/class-wp-hook.php(332): WP_Hook->apply_filters()
#29 /var/www/woo/wp-includes/plugin.php(517): WP_Hook->do_action()
#30 /var/www/woo/wp-includes/general-template.php(3059): do_action()
#31 /var/www/woo/wp-includes/template-canvas.php(25): wp_footer()
#32 /var/www/woo/wp-includes/template-loader.php(106): include('...')
#33 /var/www/woo/wp-blog-header.php(19): require_once('...')
#34 /var/www/woo/index.php(17): require('...')
#35 {main}
  thrown in /var/www/woo/wp-includes/Requests/Transport/cURL.php on line 172

2023-05-20T17:59:06+00:00 CRITICAL Uncaught Exception: Serialization of 'CurlHandle' is not allowed in /var/www/woo/wp-includes/Requests/Transport/cURL.php:172
Stack trace:
#0 /var/www/woo/wp-includes/Requests/Transport/cURL.php(172): serialize()
#1 /var/www/woo/wp-includes/class-requests.php(385): Requests_Transport_cURL->request()
#2 /var/www/woo/wp-includes/class-wp-http.php(405): Requests::request()
#3 /var/www/woo/wp-includes/class-wp-http.php(643): WP_Http->request()
#4 /var/www/woo/wp-includes/http.php(167): WP_Http->get()
#5 /var/www/woo/wp-content/plugins/woocommerce/src/Internal/Admin/Onboarding/OnboardingProducts.php(96): wp_remote_get()
#6 /var/www/woo/wp-content/plugins/woocommerce/src/Internal/Admin/Onboarding/OnboardingProducts.php(146): Automattic\WooCommerce\Internal\Admin\Onboarding\OnboardingProducts::get_product_data()
#7 /var/www/woo/wp-content/plugins/woocommerce/src/Internal/Admin/Onboarding/OnboardingProducts.php(158): Automattic\WooCommerce\Internal\Admin\Onboarding\OnboardingProducts::get_product_types_with_data()
#8 /var/www/woo/wp-content/plugins/woocommerce/src/Admin/Features/OnboardingTasks/Tasks/Purchase.php(188): Automattic\WooCommerce\Internal\Admin\Onboarding\OnboardingProducts::get_relevant_products()
#9 /var/www/woo/wp-content/plugins/woocommerce/src/Admin/Features/OnboardingTasks/Tasks/Purchase.php(178): Automattic\WooCommerce\Admin\Features\OnboardingTasks\Tasks\Purchase::get_paid_products_and_themes()
#10 /var/www/woo/wp-content/plugins/woocommerce/src/Admin/Features/OnboardingTasks/TaskList.php(304): Automattic\WooCommerce\Admin\Features\OnboardingTasks\Tasks\Purchase->can_view()
#11 [internal function]: Automattic\WooCommerce\Admin\Features\OnboardingTasks\TaskList->Automattic\WooCommerce\Admin\Features\OnboardingTasks\{closure}()
#12 /var/www/woo/wp-content/plugins/woocommerce/src/Admin/Features/OnboardingTasks/TaskList.php(305): array_filter()
#13 /var/www/woo/wp-content/plugins/woocommerce/src/Admin/Features/OnboardingTasks/TaskList.php(171): Automattic\WooCommerce\Admin\Features\OnboardingTasks\TaskList->get_viewable_tasks()
#14 /var/www/woo/wp-content/plugins/woocommerce/src/Admin/Features/OnboardingTasks/TaskLists.php(384): Automattic\WooCommerce\Admin\Features\OnboardingTasks\TaskList->is_visible()
#15 [internal function]: Automattic\WooCommerce\Admin\Features\OnboardingTasks\TaskLists::Automattic\WooCommerce\Admin\Features\OnboardingTasks\{closure}()
#16 /var/www/woo/wp-content/plugins/woocommerce/src/Admin/Features/OnboardingTasks/TaskLists.php(385): array_filter()
#17 /var/www/woo/wp-content/plugins/woocommerce/src/Admin/Features/OnboardingTasks/TaskLists.php(490): Automattic\WooCommerce\Admin\Features\OnboardingTasks\TaskLists::get_visible()
#18 /var/www/woo/wp-includes/class-wp-hook.php(308): Automattic\WooCommerce\Admin\Features\OnboardingTasks\TaskLists::task_list_preloaded_settings()
#19 /var/www/woo/wp-includes/plugin.php(205): WP_Hook->apply_filters()
#20 /var/www/woo/wp-content/plugins/woocommerce/src/Internal/Admin/WCAdminSharedSettings.php(61): apply_filters()
#21 /var/www/woo/wp-content/plugins/woocommerce/packages/woocommerce-blocks/src/Assets/AssetDataRegistry.php(282): Automattic\WooCommerce\Internal\Admin\WCAdminSharedSettings->Automattic\WooCommerce\Internal\Admin\{closure}()
#22 /var/www/woo/wp-content/plugins/woocommerce/packages/woocommerce-blocks/src/Assets/AssetDataRegistry.php(383): Automattic\WooCommerce\Blocks\Assets\AssetDataRegistry->execute_lazy_data()
#23 /var/www/woo/wp-includes/class-wp-hook.php(308): Automattic\WooCommerce\Blocks\Assets\AssetDataRegistry->enqueue_asset_data()
#24 /var/www/woo/wp-includes/class-wp-hook.php(332): WP_Hook->apply_filters()
#25 /var/www/woo/wp-includes/plugin.php(517): WP_Hook->do_action()
#26 /var/www/woo/wp-includes/script-loader.php(2163): do_action()
#27 /var/www/woo/wp-includes/class-wp-hook.php(308): wp_print_footer_scripts()
#28 /var/www/woo/wp-includes/class-wp-hook.php(332): WP_Hook->apply_filters()
#29 /var/www/woo/wp-includes/plugin.php(517): WP_Hook->do_action()
#30 /var/www/woo/wp-includes/general-template.php(3059): do_action()
#31 /var/www/woo/wp-includes/template-canvas.php(25): wp_footer()
#32 /var/www/woo/wp-includes/template-loader.php(106): include('...')
#33 /var/www/woo/wp-blog-header.php(19): require_once('...')
#34 /var/www/woo/index.php(17): require('...')
#35 {main}
  thrown in /var/www/woo/wp-includes/Requests/Transport/cURL.php on line 172

2023-05-20T17:59:28+00:00 CRITICAL Uncaught Exception: Serialization of 'CurlHandle' is not allowed in /var/www/woo/wp-includes/Requests/Transport/cURL.php:172
Stack trace:
#0 /var/www/woo/wp-includes/Requests/Transport/cURL.php(172): serialize()
#1 /var/www/woo/wp-includes/class-requests.php(385): Requests_Transport_cURL->request()
#2 /var/www/woo/wp-includes/class-wp-http.php(405): Requests::request()
#3 /var/www/woo/wp-includes/class-wp-http.php(643): WP_Http->request()
#4 /var/www/woo/wp-includes/http.php(167): WP_Http->get()
#5 /var/www/woo/wp-content/plugins/woocommerce/src/Internal/Admin/Onboarding/OnboardingProducts.php(96): wp_remote_get()
#6 /var/www/woo/wp-content/plugins/woocommerce/src/Internal/Admin/Onboarding/OnboardingProducts.php(146): Automattic\WooCommerce\Internal\Admin\Onboarding\OnboardingProducts::get_product_data()
#7 /var/www/woo/wp-content/plugins/woocommerce/src/Internal/Admin/Onboarding/OnboardingProducts.php(158): Automattic\WooCommerce\Internal\Admin\Onboarding\OnboardingProducts::get_product_types_with_data()
#8 /var/www/woo/wp-content/plugins/woocommerce/src/Admin/Features/OnboardingTasks/Tasks/Purchase.php(188): Automattic\WooCommerce\Internal\Admin\Onboarding\OnboardingProducts::get_relevant_products()
#9 /var/www/woo/wp-content/plugins/woocommerce/src/Admin/Features/OnboardingTasks/Tasks/Purchase.php(178): Automattic\WooCommerce\Admin\Features\OnboardingTasks\Tasks\Purchase::get_paid_products_and_themes()
#10 /var/www/woo/wp-content/plugins/woocommerce/src/Admin/Features/OnboardingTasks/TaskList.php(304): Automattic\WooCommerce\Admin\Features\OnboardingTasks\Tasks\Purchase->can_view()
#11 [internal function]: Automattic\WooCommerce\Admin\Features\OnboardingTasks\TaskList->Automattic\WooCommerce\Admin\Features\OnboardingTasks\{closure}()
#12 /var/www/woo/wp-content/plugins/woocommerce/src/Admin/Features/OnboardingTasks/TaskList.php(305): array_filter()
#13 /var/www/woo/wp-content/plugins/woocommerce/src/Admin/Features/OnboardingTasks/TaskList.php(171): Automattic\WooCommerce\Admin\Features\OnboardingTasks\TaskList->get_viewable_tasks()
#14 /var/www/woo/wp-content/plugins/woocommerce/src/Admin/Features/OnboardingTasks/TaskLists.php(384): Automattic\WooCommerce\Admin\Features\OnboardingTasks\TaskList->is_visible()
#15 [internal function]: Automattic\WooCommerce\Admin\Features\OnboardingTasks\TaskLists::Automattic\WooCommerce\Admin\Features\OnboardingTasks\{closure}()
#16 /var/www/woo/wp-content/plugins/woocommerce/src/Admin/Features/OnboardingTasks/TaskLists.php(385): array_filter()
#17 /var/www/woo/wp-content/plugins/woocommerce/src/Admin/Features/OnboardingTasks/TaskLists.php(490): Automattic\WooCommerce\Admin\Features\OnboardingTasks\TaskLists::get_visible()
#18 /var/www/woo/wp-includes/class-wp-hook.php(308): Automattic\WooCommerce\Admin\Features\OnboardingTasks\TaskLists::task_list_preloaded_settings()
#19 /var/www/woo/wp-includes/plugin.php(205): WP_Hook->apply_filters()
#20 /var/www/woo/wp-content/plugins/woocommerce/src/Internal/Admin/WCAdminSharedSettings.php(61): apply_filters()
#21 /var/www/woo/wp-content/plugins/woocommerce/packages/woocommerce-blocks/src/Assets/AssetDataRegistry.php(282): Automattic\WooCommerce\Internal\Admin\WCAdminSharedSettings->Automattic\WooCommerce\Internal\Admin\{closure}()
#22 /var/www/woo/wp-content/plugins/woocommerce/packages/woocommerce-blocks/src/Assets/AssetDataRegistry.php(383): Automattic\WooCommerce\Blocks\Assets\AssetDataRegistry->execute_lazy_data()
#23 /var/www/woo/wp-includes/class-wp-hook.php(308): Automattic\WooCommerce\Blocks\Assets\AssetDataRegistry->enqueue_asset_data()
#24 /var/www/woo/wp-includes/class-wp-hook.php(332): WP_Hook->apply_filters()
#25 /var/www/woo/wp-includes/plugin.php(517): WP_Hook->do_action()
#26 /var/www/woo/wp-includes/script-loader.php(2163): do_action()
#27 /var/www/woo/wp-includes/class-wp-hook.php(308): wp_print_footer_scripts()
#28 /var/www/woo/wp-includes/class-wp-hook.php(332): WP_Hook->apply_filters()
#29 /var/www/woo/wp-includes/plugin.php(517): WP_Hook->do_action()
#30 /var/www/woo/wp-includes/general-template.php(3059): do_action()
#31 /var/www/woo/wp-includes/template-canvas.php(25): wp_footer()
#32 /var/www/woo/wp-includes/template-loader.php(106): include('...')
#33 /var/www/woo/wp-blog-header.php(19): require_once('...')
#34 /var/www/woo/index.php(17): require('...')
#35 {main}
  thrown in /var/www/woo/wp-includes/Requests/Transport/cURL.php on line 172

2023-05-20T17:59:33+00:00 CRITICAL Uncaught Exception: Serialization of 'CurlHandle' is not allowed in /var/www/woo/wp-includes/Requests/Transport/cURL.php:172
Stack trace:
#0 /var/www/woo/wp-includes/Requests/Transport/cURL.php(172): serialize()
#1 /var/www/woo/wp-includes/class-requests.php(385): Requests_Transport_cURL->request()
#2 /var/www/woo/wp-includes/class-wp-http.php(405): Requests::request()
#3 /var/www/woo/wp-includes/class-wp-http.php(625): WP_Http->request()
#4 /var/www/woo/wp-includes/http.php(184): WP_Http->post()
#5 /var/www/woo/wp-includes/cron.php(922): wp_remote_post()
#6 /var/www/woo/wp-includes/cron.php(994): spawn_cron()
#7 /var/www/woo/wp-includes/class-wp-hook.php(308): _wp_cron()
#8 /var/www/woo/wp-includes/class-wp-hook.php(332): WP_Hook->apply_filters()
#9 /var/www/woo/wp-includes/plugin.php(517): WP_Hook->do_action()
#10 /var/www/woo/wp-settings.php(639): do_action()
#11 /var/www/woo/wp-config.php(98): require_once('...')
#12 /var/www/woo/wp-load.php(50): require_once('...')
#13 /var/www/woo/wp-blog-header.php(13): require_once('...')
#14 /var/www/woo/index.php(17): require('...')
#15 {main}
  thrown in /var/www/woo/wp-includes/Requests/Transport/cURL.php on line 172

2023-05-20T18:00:12+00:00 CRITICAL Uncaught Exception: Serialization of 'CurlHandle' is not allowed in /var/www/woo/wp-includes/Requests/Transport/cURL.php:172
Stack trace:
#0 /var/www/woo/wp-includes/Requests/Transport/cURL.php(172): serialize()
#1 /var/www/woo/wp-includes/class-requests.php(385): Requests_Transport_cURL->request()
#2 /var/www/woo/wp-includes/class-wp-http.php(405): Requests::request()
#3 /var/www/woo/wp-includes/class-wp-http.php(643): WP_Http->request()
#4 /var/www/woo/wp-includes/http.php(167): WP_Http->get()
#5 /var/www/woo/wp-content/plugins/woocommerce/src/Internal/Admin/Onboarding/OnboardingProducts.php(96): wp_remote_get()
#6 /var/www/woo/wp-content/plugins/woocommerce/src/Internal/Admin/Onboarding/OnboardingProducts.php(146): Automattic\WooCommerce\Internal\Admin\Onboarding\OnboardingProducts::get_product_data()
#7 /var/www/woo/wp-content/plugins/woocommerce/src/Internal/Admin/Onboarding/OnboardingProducts.php(158): Automattic\WooCommerce\Internal\Admin\Onboarding\OnboardingProducts::get_product_types_with_data()
#8 /var/www/woo/wp-content/plugins/woocommerce/src/Admin/Features/OnboardingTasks/Tasks/Purchase.php(188): Automattic\WooCommerce\Internal\Admin\Onboarding\OnboardingProducts::get_relevant_products()
#9 /var/www/woo/wp-content/plugins/woocommerce/src/Admin/Features/OnboardingTasks/Tasks/Purchase.php(178): Automattic\WooCommerce\Admin\Features\OnboardingTasks\Tasks\Purchase::get_paid_products_and_themes()
#10 /var/www/woo/wp-content/plugins/woocommerce/src/Admin/Features/OnboardingTasks/TaskList.php(304): Automattic\WooCommerce\Admin\Features\OnboardingTasks\Tasks\Purchase->can_view()
#11 [internal function]: Automattic\WooCommerce\Admin\Features\OnboardingTasks\TaskList->Automattic\WooCommerce\Admin\Features\OnboardingTasks\{closure}()
#12 /var/www/woo/wp-content/plugins/woocommerce/src/Admin/Features/OnboardingTasks/TaskList.php(305): array_filter()
#13 /var/www/woo/wp-content/plugins/woocommerce/src/Admin/Features/OnboardingTasks/TaskList.php(171): Automattic\WooCommerce\Admin\Features\OnboardingTasks\TaskList->get_viewable_tasks()
#14 /var/www/woo/wp-content/plugins/woocommerce/src/Admin/Features/OnboardingTasks/TaskLists.php(384): Automattic\WooCommerce\Admin\Features\OnboardingTasks\TaskList->is_visible()
#15 [internal function]: Automattic\WooCommerce\Admin\Features\OnboardingTasks\TaskLists::Automattic\WooCommerce\Admin\Features\OnboardingTasks\{closure}()
#16 /var/www/woo/wp-content/plugins/woocommerce/src/Admin/Features/OnboardingTasks/TaskLists.php(385): array_filter()
#17 /var/www/woo/wp-content/plugins/woocommerce/src/Admin/Features/OnboardingTasks/TaskLists.php(490): Automattic\WooCommerce\Admin\Features\OnboardingTasks\TaskLists::get_visible()
#18 /var/www/woo/wp-includes/class-wp-hook.php(308): Automattic\WooCommerce\Admin\Features\OnboardingTasks\TaskLists::task_list_preloaded_settings()
#19 /var/www/woo/wp-includes/plugin.php(205): WP_Hook->apply_filters()
#20 /var/www/woo/wp-content/plugins/woocommerce/src/Internal/Admin/WCAdminSharedSettings.php(61): apply_filters()
#21 /var/www/woo/wp-content/plugins/woocommerce/packages/woocommerce-blocks/src/Assets/AssetDataRegistry.php(282): Automattic\WooCommerce\Internal\Admin\WCAdminSharedSettings->Automattic\WooCommerce\Internal\Admin\{closure}()
#22 /var/www/woo/wp-content/plugins/woocommerce/packages/woocommerce-blocks/src/Assets/AssetDataRegistry.php(383): Automattic\WooCommerce\Blocks\Assets\AssetDataRegistry->execute_lazy_data()
#23 /var/www/woo/wp-includes/class-wp-hook.php(308): Automattic\WooCommerce\Blocks\Assets\AssetDataRegistry->enqueue_asset_data()
#24 /var/www/woo/wp-includes/class-wp-hook.php(332): WP_Hook->apply_filters()
#25 /var/www/woo/wp-includes/plugin.php(517): WP_Hook->do_action()
#26 /var/www/woo/wp-includes/script-loader.php(2163): do_action()
#27 /var/www/woo/wp-includes/class-wp-hook.php(308): wp_print_footer_scripts()
#28 /var/www/woo/wp-includes/class-wp-hook.php(332): WP_Hook->apply_filters()
#29 /var/www/woo/wp-includes/plugin.php(517): WP_Hook->do_action()
#30 /var/www/woo/wp-includes/general-template.php(3059): do_action()
#31 /var/www/woo/wp-includes/template-canvas.php(25): wp_footer()
#32 /var/www/woo/wp-includes/template-loader.php(106): include('...')
#33 /var/www/woo/wp-blog-header.php(19): require_once('...')
#34 /var/www/woo/index.php(17): require('...')
#35 {main}
  thrown in /var/www/woo/wp-includes/Requests/Transport/cURL.php on line 172

2023-05-20T18:00:15+00:00 CRITICAL Uncaught Exception: Serialization of 'CurlHandle' is not allowed in /var/www/woo/wp-includes/Requests/Transport/cURL.php:172
Stack trace:
#0 /var/www/woo/wp-includes/Requests/Transport/cURL.php(172): serialize()
#1 /var/www/woo/wp-includes/class-requests.php(385): Requests_Transport_cURL->request()
#2 /var/www/woo/wp-includes/class-wp-http.php(405): Requests::request()
#3 /var/www/woo/wp-includes/class-wp-http.php(643): WP_Http->request()
#4 /var/www/woo/wp-includes/http.php(167): WP_Http->get()
#5 /var/www/woo/wp-content/plugins/woocommerce/src/Internal/Admin/Onboarding/OnboardingProducts.php(96): wp_remote_get()
#6 /var/www/woo/wp-content/plugins/woocommerce/src/Internal/Admin/Onboarding/OnboardingProducts.php(146): Automattic\WooCommerce\Internal\Admin\Onboarding\OnboardingProducts::get_product_data()
#7 /var/www/woo/wp-content/plugins/woocommerce/src/Internal/Admin/Onboarding/OnboardingProducts.php(158): Automattic\WooCommerce\Internal\Admin\Onboarding\OnboardingProducts::get_product_types_with_data()
#8 /var/www/woo/wp-content/plugins/woocommerce/src/Admin/Features/OnboardingTasks/Tasks/Purchase.php(188): Automattic\WooCommerce\Internal\Admin\Onboarding\OnboardingProducts::get_relevant_products()
#9 /var/www/woo/wp-content/plugins/woocommerce/src/Admin/Features/OnboardingTasks/Tasks/Purchase.php(178): Automattic\WooCommerce\Admin\Features\OnboardingTasks\Tasks\Purchase::get_paid_products_and_themes()
#10 /var/www/woo/wp-content/plugins/woocommerce/src/Admin/Features/OnboardingTasks/TaskList.php(304): Automattic\WooCommerce\Admin\Features\OnboardingTasks\Tasks\Purchase->can_view()
#11 [internal function]: Automattic\WooCommerce\Admin\Features\OnboardingTasks\TaskList->Automattic\WooCommerce\Admin\Features\OnboardingTasks\{closure}()
#12 /var/www/woo/wp-content/plugins/woocommerce/src/Admin/Features/OnboardingTasks/TaskList.php(305): array_filter()
#13 /var/www/woo/wp-content/plugins/woocommerce/src/Admin/Features/OnboardingTasks/TaskList.php(171): Automattic\WooCommerce\Admin\Features\OnboardingTasks\TaskList->get_viewable_tasks()
#14 /var/www/woo/wp-content/plugins/woocommerce/src/Admin/Features/OnboardingTasks/TaskLists.php(384): Automattic\WooCommerce\Admin\Features\OnboardingTasks\TaskList->is_visible()
#15 [internal function]: Automattic\WooCommerce\Admin\Features\OnboardingTasks\TaskLists::Automattic\WooCommerce\Admin\Features\OnboardingTasks\{closure}()
#16 /var/www/woo/wp-content/plugins/woocommerce/src/Admin/Features/OnboardingTasks/TaskLists.php(385): array_filter()
#17 /var/www/woo/wp-content/plugins/woocommerce/src/Admin/Features/OnboardingTasks/TaskLists.php(490): Automattic\WooCommerce\Admin\Features\OnboardingTasks\TaskLists::get_visible()
#18 /var/www/woo/wp-includes/class-wp-hook.php(308): Automattic\WooCommerce\Admin\Features\OnboardingTasks\TaskLists::task_list_preloaded_settings()
#19 /var/www/woo/wp-includes/plugin.php(205): WP_Hook->apply_filters()
#20 /var/www/woo/wp-content/plugins/woocommerce/src/Internal/Admin/WCAdminSharedSettings.php(61): apply_filters()
#21 /var/www/woo/wp-content/plugins/woocommerce/packages/woocommerce-blocks/src/Assets/AssetDataRegistry.php(282): Automattic\WooCommerce\Internal\Admin\WCAdminSharedSettings->Automattic\WooCommerce\Internal\Admin\{closure}()
#22 /var/www/woo/wp-content/plugins/woocommerce/packages/woocommerce-blocks/src/Assets/AssetDataRegistry.php(383): Automattic\WooCommerce\Blocks\Assets\AssetDataRegistry->execute_lazy_data()
#23 /var/www/woo/wp-includes/class-wp-hook.php(308): Automattic\WooCommerce\Blocks\Assets\AssetDataRegistry->enqueue_asset_data()
#24 /var/www/woo/wp-includes/class-wp-hook.php(332): WP_Hook->apply_filters()
#25 /var/www/woo/wp-includes/plugin.php(517): WP_Hook->do_action()
#26 /var/www/woo/wp-includes/script-loader.php(2163): do_action()
#27 /var/www/woo/wp-includes/class-wp-hook.php(308): wp_print_footer_scripts()
#28 /var/www/woo/wp-includes/class-wp-hook.php(332): WP_Hook->apply_filters()
#29 /var/www/woo/wp-includes/plugin.php(517): WP_Hook->do_action()
#30 /var/www/woo/wp-includes/general-template.php(3059): do_action()
#31 /var/www/woo/wp-includes/template-canvas.php(25): wp_footer()
#32 /var/www/woo/wp-includes/template-loader.php(106): include('...')
#33 /var/www/woo/wp-blog-header.php(19): require_once('...')
#34 /var/www/woo/index.php(17): require('...')
#35 {main}
  thrown in /var/www/woo/wp-includes/Requests/Transport/cURL.php on line 172

