2023-05-16T11:40:44+00:00 CRITICAL Uncaught Error: Class "GetReview\WC_Webhook" not found in /var/www/woo/wp-content/plugins/get/gr-connect.php:157
Stack trace:
#0 /var/www/woo/wp-includes/class-wp-hook.php(308): GetReview\Connect->createOrderUpdateWebhook()
#1 /var/www/woo/wp-includes/class-wp-hook.php(332): WP_Hook->apply_filters()
#2 /var/www/woo/wp-includes/plugin.php(517): WP_Hook->do_action()
#3 /var/www/woo/wp-admin/admin-header.php(163): do_action()
#4 /var/www/woo/wp-admin/admin.php(239): require_once('...')
#5 {main}
  thrown in /var/www/woo/wp-content/plugins/get/gr-connect.php on line 157

2023-05-16T11:40:49+00:00 CRITICAL Uncaught Error: Class "GetReview\WC_Webhook" not found in /var/www/woo/wp-content/plugins/get/gr-connect.php:157
Stack trace:
#0 /var/www/woo/wp-includes/class-wp-hook.php(308): GetReview\Connect->createOrderUpdateWebhook()
#1 /var/www/woo/wp-includes/class-wp-hook.php(332): WP_Hook->apply_filters()
#2 /var/www/woo/wp-includes/plugin.php(517): WP_Hook->do_action()
#3 /var/www/woo/wp-admin/admin-header.php(163): do_action()
#4 /var/www/woo/wp-admin/admin.php(239): require_once('...')
#5 {main}
  thrown in /var/www/woo/wp-content/plugins/get/gr-connect.php on line 157

2023-05-16T11:41:02+00:00 CRITICAL Uncaught Error: Class "GetReview\WC_Webhook" not found in /var/www/woo/wp-content/plugins/get/gr-connect.php:157
Stack trace:
#0 /var/www/woo/wp-includes/class-wp-hook.php(308): GetReview\Connect->createOrderUpdateWebhook()
#1 /var/www/woo/wp-includes/class-wp-hook.php(332): WP_Hook->apply_filters()
#2 /var/www/woo/wp-includes/plugin.php(517): WP_Hook->do_action()
#3 /var/www/woo/wp-admin/admin-header.php(163): do_action()
#4 /var/www/woo/wp-admin/index.php(137): require_once('...')
#5 {main}
  thrown in /var/www/woo/wp-content/plugins/get/gr-connect.php on line 157

2023-05-16T11:41:03+00:00 CRITICAL Uncaught Error: Class "GetReview\WC_Webhook" not found in /var/www/woo/wp-content/plugins/get/gr-connect.php:157
Stack trace:
#0 /var/www/woo/wp-includes/class-wp-hook.php(308): GetReview\Connect->createOrderUpdateWebhook()
#1 /var/www/woo/wp-includes/class-wp-hook.php(332): WP_Hook->apply_filters()
#2 /var/www/woo/wp-includes/plugin.php(517): WP_Hook->do_action()
#3 /var/www/woo/wp-admin/admin-header.php(163): do_action()
#4 /var/www/woo/wp-admin/index.php(137): require_once('...')
#5 {main}
  thrown in /var/www/woo/wp-content/plugins/get/gr-connect.php on line 157

2023-05-16T11:41:14+00:00 CRITICAL Uncaught Error: Class "GetReview\WC_Webhook" not found in /var/www/woo/wp-content/plugins/get/gr-connect.php:157
Stack trace:
#0 /var/www/woo/wp-includes/class-wp-hook.php(308): GetReview\Connect->createOrderUpdateWebhook()
#1 /var/www/woo/wp-includes/class-wp-hook.php(332): WP_Hook->apply_filters()
#2 /var/www/woo/wp-includes/plugin.php(517): WP_Hook->do_action()
#3 /var/www/woo/wp-admin/admin-header.php(163): do_action()
#4 /var/www/woo/wp-admin/plugins.php(605): require_once('...')
#5 {main}
  thrown in /var/www/woo/wp-content/plugins/get/gr-connect.php on line 157

2023-05-16T11:41:17+00:00 CRITICAL Uncaught Error: Class "GetReview\WC_Webhook" not found in /var/www/woo/wp-content/plugins/get/gr-connect.php:157
Stack trace:
#0 /var/www/woo/wp-includes/class-wp-hook.php(308): GetReview\Connect->createOrderUpdateWebhook()
#1 /var/www/woo/wp-includes/class-wp-hook.php(332): WP_Hook->apply_filters()
#2 /var/www/woo/wp-includes/plugin.php(517): WP_Hook->do_action()
#3 /var/www/woo/wp-admin/admin-header.php(163): do_action()
#4 /var/www/woo/wp-admin/themes.php(246): require_once('...')
#5 {main}
  thrown in /var/www/woo/wp-content/plugins/get/gr-connect.php on line 157

2023-05-16T11:41:20+00:00 CRITICAL Uncaught Error: Class "GetReview\WC_Webhook" not found in /var/www/woo/wp-content/plugins/get/gr-connect.php:157
Stack trace:
#0 /var/www/woo/wp-includes/class-wp-hook.php(308): GetReview\Connect->createOrderUpdateWebhook()
#1 /var/www/woo/wp-includes/class-wp-hook.php(332): WP_Hook->apply_filters()
#2 /var/www/woo/wp-includes/plugin.php(517): WP_Hook->do_action()
#3 /var/www/woo/wp-admin/admin-header.php(163): do_action()
#4 /var/www/woo/wp-admin/edit.php(407): require_once('...')
#5 {main}
  thrown in /var/www/woo/wp-content/plugins/get/gr-connect.php on line 157

2023-05-16T11:42:09+00:00 CRITICAL Uncaught Error: Class "GetReview\WC_Webhook" not found in /var/www/woo/wp-content/plugins/get/gr-connect.php:157
Stack trace:
#0 /var/www/woo/wp-includes/class-wp-hook.php(308): GetReview\Connect->createOrderUpdateWebhook()
#1 /var/www/woo/wp-includes/class-wp-hook.php(332): WP_Hook->apply_filters()
#2 /var/www/woo/wp-includes/plugin.php(517): WP_Hook->do_action()
#3 /var/www/woo/wp-admin/admin-header.php(163): do_action()
#4 /var/www/woo/wp-admin/admin.php(239): require_once('...')
#5 /var/www/woo/wp-admin/options-general.php(10): require_once('...')
#6 {main}
  thrown in /var/www/woo/wp-content/plugins/get/gr-connect.php on line 157

2023-05-16T11:44:08+00:00 CRITICAL Uncaught Error: Class "GetReview\WC_Webhook" not found in /var/www/woo/wp-content/plugins/get/gr-connect.php:157
Stack trace:
#0 /var/www/woo/wp-includes/class-wp-hook.php(308): GetReview\Connect->createOrderUpdateWebhook()
#1 /var/www/woo/wp-includes/class-wp-hook.php(332): WP_Hook->apply_filters()
#2 /var/www/woo/wp-includes/plugin.php(517): WP_Hook->do_action()
#3 /var/www/woo/wp-admin/admin-header.php(163): do_action()
#4 /var/www/woo/wp-admin/edit-comments.php(224): require_once('...')
#5 {main}
  thrown in /var/www/woo/wp-content/plugins/get/gr-connect.php on line 157

2023-05-16T11:44:17+00:00 CRITICAL Uncaught Error: Class "GetReview\WC_Webhook" not found in /var/www/woo/wp-content/plugins/get/gr-connect.php:157
Stack trace:
#0 /var/www/woo/wp-includes/class-wp-hook.php(308): GetReview\Connect->createOrderUpdateWebhook()
#1 /var/www/woo/wp-includes/class-wp-hook.php(332): WP_Hook->apply_filters()
#2 /var/www/woo/wp-includes/plugin.php(517): WP_Hook->do_action()
#3 /var/www/woo/wp-admin/admin-header.php(163): do_action()
#4 /var/www/woo/wp-admin/edit.php(407): require_once('...')
#5 {main}
  thrown in /var/www/woo/wp-content/plugins/get/gr-connect.php on line 157

2023-05-16T11:51:06+00:00 CRITICAL Uncaught Error: Class "GetReview\WC_Webhook" not found in /var/www/woo/wp-content/plugins/get/gr-connect.php:157
Stack trace:
#0 /var/www/woo/wp-includes/class-wp-hook.php(308): GetReview\Connect->createOrderUpdateWebhook()
#1 /var/www/woo/wp-includes/class-wp-hook.php(332): WP_Hook->apply_filters()
#2 /var/www/woo/wp-includes/plugin.php(517): WP_Hook->do_action()
#3 /var/www/woo/wp-admin/admin-header.php(163): do_action()
#4 /var/www/woo/wp-admin/options-general.php(53): require_once('...')
#5 {main}
  thrown in /var/www/woo/wp-content/plugins/get/gr-connect.php on line 157

2023-05-16T11:51:12+00:00 CRITICAL Uncaught Error: Class "GetReview\WC_Webhook" not found in /var/www/woo/wp-content/plugins/get/gr-connect.php:157
Stack trace:
#0 /var/www/woo/wp-includes/class-wp-hook.php(308): GetReview\Connect->createOrderUpdateWebhook()
#1 /var/www/woo/wp-includes/class-wp-hook.php(332): WP_Hook->apply_filters()
#2 /var/www/woo/wp-includes/plugin.php(517): WP_Hook->do_action()
#3 /var/www/woo/wp-admin/admin-header.php(163): do_action()
#4 /var/www/woo/wp-admin/admin.php(239): require_once('...')
#5 /var/www/woo/wp-admin/options-general.php(10): require_once('...')
#6 {main}
  thrown in /var/www/woo/wp-content/plugins/get/gr-connect.php on line 157

2023-05-16T11:51:18+00:00 CRITICAL Uncaught Error: Class "GetReview\WC_Webhook" not found in /var/www/woo/wp-content/plugins/get/gr-connect.php:157
Stack trace:
#0 /var/www/woo/wp-includes/class-wp-hook.php(308): GetReview\Connect->createOrderUpdateWebhook()
#1 /var/www/woo/wp-includes/class-wp-hook.php(332): WP_Hook->apply_filters()
#2 /var/www/woo/wp-includes/plugin.php(517): WP_Hook->do_action()
#3 /var/www/woo/wp-admin/admin-header.php(163): do_action()
#4 /var/www/woo/wp-admin/edit.php(407): require_once('...')
#5 {main}
  thrown in /var/www/woo/wp-content/plugins/get/gr-connect.php on line 157

2023-05-16T13:49:24+00:00 CRITICAL Uncaught Error: Class "GetReview\WC_Webhook" not found in /var/www/woo/wp-content/plugins/get/gr-connect.php:157
Stack trace:
#0 /var/www/woo/wp-includes/class-wp-hook.php(308): GetReview\Connect->createOrderUpdateWebhook()
#1 /var/www/woo/wp-includes/class-wp-hook.php(332): WP_Hook->apply_filters()
#2 /var/www/woo/wp-includes/plugin.php(517): WP_Hook->do_action()
#3 /var/www/woo/wp-admin/admin-header.php(163): do_action()
#4 /var/www/woo/wp-admin/edit.php(407): require_once('...')
#5 {main}
  thrown in /var/www/woo/wp-content/plugins/get/gr-connect.php on line 157

2023-05-16T13:53:47+00:00 CRITICAL Uncaught Error: Class "GetReview\WC_Webhook" not found in /var/www/woo/wp-content/plugins/get/gr-connect.php:157
Stack trace:
#0 /var/www/woo/wp-includes/class-wp-hook.php(308): GetReview\Connect->createOrderUpdateWebhook()
#1 /var/www/woo/wp-includes/class-wp-hook.php(332): WP_Hook->apply_filters()
#2 /var/www/woo/wp-includes/plugin.php(517): WP_Hook->do_action()
#3 /var/www/woo/wp-admin/admin-header.php(163): do_action()
#4 /var/www/woo/wp-admin/edit.php(407): require_once('...')
#5 {main}
  thrown in /var/www/woo/wp-content/plugins/get/gr-connect.php on line 157

2023-05-16T13:53:52+00:00 CRITICAL Uncaught Error: Class "GetReview\WC_Webhook" not found in /var/www/woo/wp-content/plugins/get/gr-connect.php:157
Stack trace:
#0 /var/www/woo/wp-includes/class-wp-hook.php(308): GetReview\Connect->createOrderUpdateWebhook()
#1 /var/www/woo/wp-includes/class-wp-hook.php(332): WP_Hook->apply_filters()
#2 /var/www/woo/wp-includes/plugin.php(517): WP_Hook->do_action()
#3 /var/www/woo/wp-admin/admin-header.php(163): do_action()
#4 /var/www/woo/wp-admin/edit.php(407): require_once('...')
#5 {main}
  thrown in /var/www/woo/wp-content/plugins/get/gr-connect.php on line 157

2023-05-16T13:53:54+00:00 CRITICAL Uncaught Error: Class "GetReview\WC_Webhook" not found in /var/www/woo/wp-content/plugins/get/gr-connect.php:157
Stack trace:
#0 /var/www/woo/wp-includes/class-wp-hook.php(308): GetReview\Connect->createOrderUpdateWebhook()
#1 /var/www/woo/wp-includes/class-wp-hook.php(332): WP_Hook->apply_filters()
#2 /var/www/woo/wp-includes/plugin.php(517): WP_Hook->do_action()
#3 /var/www/woo/wp-admin/admin-header.php(163): do_action()
#4 /var/www/woo/wp-admin/edit.php(407): require_once('...')
#5 {main}
  thrown in /var/www/woo/wp-content/plugins/get/gr-connect.php on line 157

2023-05-16T13:53:55+00:00 CRITICAL Uncaught Error: Class "GetReview\WC_Webhook" not found in /var/www/woo/wp-content/plugins/get/gr-connect.php:157
Stack trace:
#0 /var/www/woo/wp-includes/class-wp-hook.php(308): GetReview\Connect->createOrderUpdateWebhook()
#1 /var/www/woo/wp-includes/class-wp-hook.php(332): WP_Hook->apply_filters()
#2 /var/www/woo/wp-includes/plugin.php(517): WP_Hook->do_action()
#3 /var/www/woo/wp-admin/admin-header.php(163): do_action()
#4 /var/www/woo/wp-admin/edit.php(407): require_once('...')
#5 {main}
  thrown in /var/www/woo/wp-content/plugins/get/gr-connect.php on line 157

2023-05-16T13:53:56+00:00 CRITICAL Uncaught Error: Class "GetReview\WC_Webhook" not found in /var/www/woo/wp-content/plugins/get/gr-connect.php:157
Stack trace:
#0 /var/www/woo/wp-includes/class-wp-hook.php(308): GetReview\Connect->createOrderUpdateWebhook()
#1 /var/www/woo/wp-includes/class-wp-hook.php(332): WP_Hook->apply_filters()
#2 /var/www/woo/wp-includes/plugin.php(517): WP_Hook->do_action()
#3 /var/www/woo/wp-admin/admin-header.php(163): do_action()
#4 /var/www/woo/wp-admin/edit.php(407): require_once('...')
#5 {main}
  thrown in /var/www/woo/wp-content/plugins/get/gr-connect.php on line 157

2023-05-16T13:54:20+00:00 CRITICAL Uncaught Error: Class "GetReview\WC_Webhook" not found in /var/www/woo/wp-content/plugins/get/gr-connect.php:157
Stack trace:
#0 /var/www/woo/wp-includes/class-wp-hook.php(308): GetReview\Connect->createOrderUpdateWebhook()
#1 /var/www/woo/wp-includes/class-wp-hook.php(332): WP_Hook->apply_filters()
#2 /var/www/woo/wp-includes/plugin.php(517): WP_Hook->do_action()
#3 /var/www/woo/wp-admin/admin-header.php(163): do_action()
#4 /var/www/woo/wp-admin/edit.php(407): require_once('...')
#5 {main}
  thrown in /var/www/woo/wp-content/plugins/get/gr-connect.php on line 157

2023-05-16T13:54:22+00:00 CRITICAL Uncaught Error: Class "GetReview\WC_Webhook" not found in /var/www/woo/wp-content/plugins/get/gr-connect.php:157
Stack trace:
#0 /var/www/woo/wp-includes/class-wp-hook.php(308): GetReview\Connect->createOrderUpdateWebhook()
#1 /var/www/woo/wp-includes/class-wp-hook.php(332): WP_Hook->apply_filters()
#2 /var/www/woo/wp-includes/plugin.php(517): WP_Hook->do_action()
#3 /var/www/woo/wp-admin/admin-header.php(163): do_action()
#4 /var/www/woo/wp-admin/edit.php(407): require_once('...')
#5 {main}
  thrown in /var/www/woo/wp-content/plugins/get/gr-connect.php on line 157

2023-05-16T13:54:25+00:00 CRITICAL Uncaught Error: Class "GetReview\WC_Webhook" not found in /var/www/woo/wp-content/plugins/get/gr-connect.php:157
Stack trace:
#0 /var/www/woo/wp-includes/class-wp-hook.php(308): GetReview\Connect->createOrderUpdateWebhook()
#1 /var/www/woo/wp-includes/class-wp-hook.php(332): WP_Hook->apply_filters()
#2 /var/www/woo/wp-includes/plugin.php(517): WP_Hook->do_action()
#3 /var/www/woo/wp-admin/admin-header.php(163): do_action()
#4 /var/www/woo/wp-admin/edit.php(407): require_once('...')
#5 {main}
  thrown in /var/www/woo/wp-content/plugins/get/gr-connect.php on line 157

2023-05-16T13:59:34+00:00 CRITICAL Uncaught Error: Class "GetReview\WC_Webhook" not found in /var/www/woo/wp-content/plugins/get/gr-connect.php:157
Stack trace:
#0 /var/www/woo/wp-includes/class-wp-hook.php(308): GetReview\Connect->createOrderUpdateWebhook()
#1 /var/www/woo/wp-includes/class-wp-hook.php(332): WP_Hook->apply_filters()
#2 /var/www/woo/wp-includes/plugin.php(517): WP_Hook->do_action()
#3 /var/www/woo/wp-admin/admin-header.php(163): do_action()
#4 /var/www/woo/wp-admin/edit.php(407): require_once('...')
#5 {main}
  thrown in /var/www/woo/wp-content/plugins/get/gr-connect.php on line 157

2023-05-16T13:59:35+00:00 CRITICAL Uncaught Error: Class "GetReview\WC_Webhook" not found in /var/www/woo/wp-content/plugins/get/gr-connect.php:157
Stack trace:
#0 /var/www/woo/wp-includes/class-wp-hook.php(308): GetReview\Connect->createOrderUpdateWebhook()
#1 /var/www/woo/wp-includes/class-wp-hook.php(332): WP_Hook->apply_filters()
#2 /var/www/woo/wp-includes/plugin.php(517): WP_Hook->do_action()
#3 /var/www/woo/wp-admin/admin-header.php(163): do_action()
#4 /var/www/woo/wp-admin/edit.php(407): require_once('...')
#5 {main}
  thrown in /var/www/woo/wp-content/plugins/get/gr-connect.php on line 157

2023-05-16T14:01:13+00:00 CRITICAL Uncaught Error: Class "GetReview\WC_Webhook" not found in /var/www/woo/wp-content/plugins/get/gr-connect.php:157
Stack trace:
#0 /var/www/woo/wp-includes/class-wp-hook.php(308): GetReview\Connect->createOrderUpdateWebhook()
#1 /var/www/woo/wp-includes/class-wp-hook.php(332): WP_Hook->apply_filters()
#2 /var/www/woo/wp-includes/plugin.php(517): WP_Hook->do_action()
#3 /var/www/woo/wp-admin/admin-header.php(163): do_action()
#4 /var/www/woo/wp-admin/edit.php(407): require_once('...')
#5 {main}
  thrown in /var/www/woo/wp-content/plugins/get/gr-connect.php on line 157

2023-05-16T14:01:15+00:00 CRITICAL Uncaught Error: Class "GetReview\WC_Webhook" not found in /var/www/woo/wp-content/plugins/get/gr-connect.php:157
Stack trace:
#0 /var/www/woo/wp-includes/class-wp-hook.php(308): GetReview\Connect->createOrderUpdateWebhook()
#1 /var/www/woo/wp-includes/class-wp-hook.php(332): WP_Hook->apply_filters()
#2 /var/www/woo/wp-includes/plugin.php(517): WP_Hook->do_action()
#3 /var/www/woo/wp-admin/admin-header.php(163): do_action()
#4 /var/www/woo/wp-admin/edit.php(407): require_once('...')
#5 {main}
  thrown in /var/www/woo/wp-content/plugins/get/gr-connect.php on line 157

2023-05-16T14:01:47+00:00 CRITICAL Uncaught Error: Call to a member function set_name() on null in /var/www/woo/wp-content/plugins/get/gr-connect.php:158
Stack trace:
#0 /var/www/woo/wp-includes/class-wp-hook.php(308): GetReview\Connect->createOrderUpdateWebhook()
#1 /var/www/woo/wp-includes/class-wp-hook.php(332): WP_Hook->apply_filters()
#2 /var/www/woo/wp-includes/plugin.php(517): WP_Hook->do_action()
#3 /var/www/woo/wp-admin/admin-header.php(163): do_action()
#4 /var/www/woo/wp-admin/admin.php(239): require_once('...')
#5 {main}
  thrown in /var/www/woo/wp-content/plugins/get/gr-connect.php on line 158

2023-05-16T14:01:50+00:00 CRITICAL Uncaught Error: Call to a member function set_name() on null in /var/www/woo/wp-content/plugins/get/gr-connect.php:158
Stack trace:
#0 /var/www/woo/wp-includes/class-wp-hook.php(308): GetReview\Connect->createOrderUpdateWebhook()
#1 /var/www/woo/wp-includes/class-wp-hook.php(332): WP_Hook->apply_filters()
#2 /var/www/woo/wp-includes/plugin.php(517): WP_Hook->do_action()
#3 /var/www/woo/wp-admin/admin-header.php(163): do_action()
#4 /var/www/woo/wp-admin/admin.php(239): require_once('...')
#5 {main}
  thrown in /var/www/woo/wp-content/plugins/get/gr-connect.php on line 158

2023-05-16T14:01:52+00:00 CRITICAL Uncaught Error: Call to a member function set_name() on null in /var/www/woo/wp-content/plugins/get/gr-connect.php:158
Stack trace:
#0 /var/www/woo/wp-includes/class-wp-hook.php(308): GetReview\Connect->createOrderUpdateWebhook()
#1 /var/www/woo/wp-includes/class-wp-hook.php(332): WP_Hook->apply_filters()
#2 /var/www/woo/wp-includes/plugin.php(517): WP_Hook->do_action()
#3 /var/www/woo/wp-admin/admin-header.php(163): do_action()
#4 /var/www/woo/wp-admin/admin.php(239): require_once('...')
#5 {main}
  thrown in /var/www/woo/wp-content/plugins/get/gr-connect.php on line 158

2023-05-16T14:01:53+00:00 CRITICAL Uncaught Error: Call to a member function set_name() on null in /var/www/woo/wp-content/plugins/get/gr-connect.php:158
Stack trace:
#0 /var/www/woo/wp-includes/class-wp-hook.php(308): GetReview\Connect->createOrderUpdateWebhook()
#1 /var/www/woo/wp-includes/class-wp-hook.php(332): WP_Hook->apply_filters()
#2 /var/www/woo/wp-includes/plugin.php(517): WP_Hook->do_action()
#3 /var/www/woo/wp-admin/admin-header.php(163): do_action()
#4 /var/www/woo/wp-admin/admin.php(239): require_once('...')
#5 {main}
  thrown in /var/www/woo/wp-content/plugins/get/gr-connect.php on line 158

2023-05-16T14:02:15+00:00 CRITICAL Uncaught Error: Call to a member function set_name() on null in /var/www/woo/wp-content/plugins/get/gr-connect.php:158
Stack trace:
#0 /var/www/woo/wp-includes/class-wp-hook.php(308): GetReview\Connect->createOrderUpdateWebhook()
#1 /var/www/woo/wp-includes/class-wp-hook.php(332): WP_Hook->apply_filters()
#2 /var/www/woo/wp-includes/plugin.php(517): WP_Hook->do_action()
#3 /var/www/woo/wp-admin/admin-header.php(163): do_action()
#4 /var/www/woo/wp-admin/admin.php(239): require_once('...')
#5 {main}
  thrown in /var/www/woo/wp-content/plugins/get/gr-connect.php on line 158

2023-05-16T14:02:16+00:00 CRITICAL Uncaught Error: Call to a member function set_name() on null in /var/www/woo/wp-content/plugins/get/gr-connect.php:158
Stack trace:
#0 /var/www/woo/wp-includes/class-wp-hook.php(308): GetReview\Connect->createOrderUpdateWebhook()
#1 /var/www/woo/wp-includes/class-wp-hook.php(332): WP_Hook->apply_filters()
#2 /var/www/woo/wp-includes/plugin.php(517): WP_Hook->do_action()
#3 /var/www/woo/wp-admin/admin-header.php(163): do_action()
#4 /var/www/woo/wp-admin/admin.php(239): require_once('...')
#5 {main}
  thrown in /var/www/woo/wp-content/plugins/get/gr-connect.php on line 158

2023-05-16T14:02:17+00:00 CRITICAL Uncaught Error: Call to a member function set_name() on null in /var/www/woo/wp-content/plugins/get/gr-connect.php:158
Stack trace:
#0 /var/www/woo/wp-includes/class-wp-hook.php(308): GetReview\Connect->createOrderUpdateWebhook()
#1 /var/www/woo/wp-includes/class-wp-hook.php(332): WP_Hook->apply_filters()
#2 /var/www/woo/wp-includes/plugin.php(517): WP_Hook->do_action()
#3 /var/www/woo/wp-admin/admin-header.php(163): do_action()
#4 /var/www/woo/wp-admin/admin.php(239): require_once('...')
#5 {main}
  thrown in /var/www/woo/wp-content/plugins/get/gr-connect.php on line 158

2023-05-16T14:02:20+00:00 CRITICAL Uncaught Error: Class "GetReview\WC_Webhook" not found in /var/www/woo/wp-content/plugins/get/gr-connect.php:157
Stack trace:
#0 /var/www/woo/wp-includes/class-wp-hook.php(308): GetReview\Connect->createOrderUpdateWebhook()
#1 /var/www/woo/wp-includes/class-wp-hook.php(332): WP_Hook->apply_filters()
#2 /var/www/woo/wp-includes/plugin.php(517): WP_Hook->do_action()
#3 /var/www/woo/wp-admin/admin-header.php(163): do_action()
#4 /var/www/woo/wp-admin/admin.php(239): require_once('...')
#5 {main}
  thrown in /var/www/woo/wp-content/plugins/get/gr-connect.php on line 157

2023-05-16T14:27:43+00:00 CRITICAL Uncaught Error: Class "GetReview\WC_Webhook" not found in /var/www/woo/wp-content/plugins/get/gr-connect.php:161
Stack trace:
#0 /var/www/woo/wp-includes/class-wp-hook.php(308): GetReview\Connect->createOrderUpdateWebhook()
#1 /var/www/woo/wp-includes/class-wp-hook.php(332): WP_Hook->apply_filters()
#2 /var/www/woo/wp-includes/plugin.php(517): WP_Hook->do_action()
#3 /var/www/woo/wp-admin/admin-header.php(163): do_action()
#4 /var/www/woo/wp-admin/index.php(137): require_once('...')
#5 {main}
  thrown in /var/www/woo/wp-content/plugins/get/gr-connect.php on line 161

2023-05-16T14:28:23+00:00 CRITICAL Uncaught Error: Class "GetReview\WC_Webhook" not found in /var/www/woo/wp-content/plugins/get/gr-connect.php:161
Stack trace:
#0 /var/www/woo/wp-includes/class-wp-hook.php(308): GetReview\Connect->createOrderUpdateWebhook()
#1 /var/www/woo/wp-includes/class-wp-hook.php(332): WP_Hook->apply_filters()
#2 /var/www/woo/wp-includes/plugin.php(517): WP_Hook->do_action()
#3 /var/www/woo/wp-admin/admin-header.php(163): do_action()
#4 /var/www/woo/wp-admin/index.php(137): require_once('...')
#5 {main}
  thrown in /var/www/woo/wp-content/plugins/get/gr-connect.php on line 161

2023-05-16T14:28:25+00:00 CRITICAL Uncaught Error: Class "GetReview\WC_Webhook" not found in /var/www/woo/wp-content/plugins/get/gr-connect.php:161
Stack trace:
#0 /var/www/woo/wp-includes/class-wp-hook.php(308): GetReview\Connect->createOrderUpdateWebhook()
#1 /var/www/woo/wp-includes/class-wp-hook.php(332): WP_Hook->apply_filters()
#2 /var/www/woo/wp-includes/plugin.php(517): WP_Hook->do_action()
#3 /var/www/woo/wp-admin/admin-header.php(163): do_action()
#4 /var/www/woo/wp-admin/index.php(137): require_once('...')
#5 {main}
  thrown in /var/www/woo/wp-content/plugins/get/gr-connect.php on line 161

2023-05-16T14:28:26+00:00 CRITICAL Uncaught Error: Class "GetReview\WC_Webhook" not found in /var/www/woo/wp-content/plugins/get/gr-connect.php:161
Stack trace:
#0 /var/www/woo/wp-includes/class-wp-hook.php(308): GetReview\Connect->createOrderUpdateWebhook()
#1 /var/www/woo/wp-includes/class-wp-hook.php(332): WP_Hook->apply_filters()
#2 /var/www/woo/wp-includes/plugin.php(517): WP_Hook->do_action()
#3 /var/www/woo/wp-admin/admin-header.php(163): do_action()
#4 /var/www/woo/wp-admin/index.php(137): require_once('...')
#5 {main}
  thrown in /var/www/woo/wp-content/plugins/get/gr-connect.php on line 161

2023-05-16T14:28:27+00:00 CRITICAL Uncaught Error: Class "GetReview\WC_Webhook" not found in /var/www/woo/wp-content/plugins/get/gr-connect.php:161
Stack trace:
#0 /var/www/woo/wp-includes/class-wp-hook.php(308): GetReview\Connect->createOrderUpdateWebhook()
#1 /var/www/woo/wp-includes/class-wp-hook.php(332): WP_Hook->apply_filters()
#2 /var/www/woo/wp-includes/plugin.php(517): WP_Hook->do_action()
#3 /var/www/woo/wp-admin/admin-header.php(163): do_action()
#4 /var/www/woo/wp-admin/index.php(137): require_once('...')
#5 {main}
  thrown in /var/www/woo/wp-content/plugins/get/gr-connect.php on line 161

2023-05-16T14:28:28+00:00 CRITICAL Uncaught Error: Class "GetReview\WC_Webhook" not found in /var/www/woo/wp-content/plugins/get/gr-connect.php:161
Stack trace:
#0 /var/www/woo/wp-includes/class-wp-hook.php(308): GetReview\Connect->createOrderUpdateWebhook()
#1 /var/www/woo/wp-includes/class-wp-hook.php(332): WP_Hook->apply_filters()
#2 /var/www/woo/wp-includes/plugin.php(517): WP_Hook->do_action()
#3 /var/www/woo/wp-admin/admin-header.php(163): do_action()
#4 /var/www/woo/wp-admin/index.php(137): require_once('...')
#5 {main}
  thrown in /var/www/woo/wp-content/plugins/get/gr-connect.php on line 161

2023-05-16T14:33:11+00:00 CRITICAL Uncaught Error: Class "GetReview\WC_Webhook" not found in /var/www/woo/wp-content/plugins/get/gr-connect.php:161
Stack trace:
#0 /var/www/woo/wp-includes/class-wp-hook.php(308): GetReview\Connect->createOrderUpdateWebhook()
#1 /var/www/woo/wp-includes/class-wp-hook.php(332): WP_Hook->apply_filters()
#2 /var/www/woo/wp-includes/plugin.php(517): WP_Hook->do_action()
#3 /var/www/woo/wp-admin/admin-header.php(163): do_action()
#4 /var/www/woo/wp-admin/index.php(137): require_once('...')
#5 {main}
  thrown in /var/www/woo/wp-content/plugins/get/gr-connect.php on line 161

2023-05-16T14:33:14+00:00 CRITICAL Uncaught Error: Class "GetReview\WC_Webhook" not found in /var/www/woo/wp-content/plugins/get/gr-connect.php:161
Stack trace:
#0 /var/www/woo/wp-includes/class-wp-hook.php(308): GetReview\Connect->createOrderUpdateWebhook()
#1 /var/www/woo/wp-includes/class-wp-hook.php(332): WP_Hook->apply_filters()
#2 /var/www/woo/wp-includes/plugin.php(517): WP_Hook->do_action()
#3 /var/www/woo/wp-admin/admin-header.php(163): do_action()
#4 /var/www/woo/wp-admin/index.php(137): require_once('...')
#5 {main}
  thrown in /var/www/woo/wp-content/plugins/get/gr-connect.php on line 161

2023-05-16T14:37:31+00:00 CRITICAL Uncaught Error: Class "GetReview\WC_Webhook" not found in /var/www/woo/wp-content/plugins/get/gr-connect.php:161
Stack trace:
#0 /var/www/woo/wp-includes/class-wp-hook.php(308): GetReview\Connect->createOrderUpdateWebhook()
#1 /var/www/woo/wp-includes/class-wp-hook.php(332): WP_Hook->apply_filters()
#2 /var/www/woo/wp-includes/plugin.php(517): WP_Hook->do_action()
#3 /var/www/woo/wp-admin/admin-header.php(163): do_action()
#4 /var/www/woo/wp-admin/index.php(137): require_once('...')
#5 {main}
  thrown in /var/www/woo/wp-content/plugins/get/gr-connect.php on line 161

2023-05-16T14:37:32+00:00 CRITICAL Uncaught Error: Class "GetReview\WC_Webhook" not found in /var/www/woo/wp-content/plugins/get/gr-connect.php:161
Stack trace:
#0 /var/www/woo/wp-includes/class-wp-hook.php(308): GetReview\Connect->createOrderUpdateWebhook()
#1 /var/www/woo/wp-includes/class-wp-hook.php(332): WP_Hook->apply_filters()
#2 /var/www/woo/wp-includes/plugin.php(517): WP_Hook->do_action()
#3 /var/www/woo/wp-admin/admin-header.php(163): do_action()
#4 /var/www/woo/wp-admin/index.php(137): require_once('...')
#5 {main}
  thrown in /var/www/woo/wp-content/plugins/get/gr-connect.php on line 161

2023-05-16T14:37:34+00:00 CRITICAL Uncaught Error: Class "GetReview\WC_Webhook" not found in /var/www/woo/wp-content/plugins/get/gr-connect.php:161
Stack trace:
#0 /var/www/woo/wp-includes/class-wp-hook.php(308): GetReview\Connect->createOrderUpdateWebhook()
#1 /var/www/woo/wp-includes/class-wp-hook.php(332): WP_Hook->apply_filters()
#2 /var/www/woo/wp-includes/plugin.php(517): WP_Hook->do_action()
#3 /var/www/woo/wp-admin/admin-header.php(163): do_action()
#4 /var/www/woo/wp-admin/index.php(137): require_once('...')
#5 {main}
  thrown in /var/www/woo/wp-content/plugins/get/gr-connect.php on line 161

2023-05-16T14:37:34+00:00 CRITICAL Uncaught Error: Class "GetReview\WC_Webhook" not found in /var/www/woo/wp-content/plugins/get/gr-connect.php:161
Stack trace:
#0 /var/www/woo/wp-includes/class-wp-hook.php(308): GetReview\Connect->createOrderUpdateWebhook()
#1 /var/www/woo/wp-includes/class-wp-hook.php(332): WP_Hook->apply_filters()
#2 /var/www/woo/wp-includes/plugin.php(517): WP_Hook->do_action()
#3 /var/www/woo/wp-admin/admin-header.php(163): do_action()
#4 /var/www/woo/wp-admin/index.php(137): require_once('...')
#5 {main}
  thrown in /var/www/woo/wp-content/plugins/get/gr-connect.php on line 161

2023-05-16T14:37:35+00:00 CRITICAL Uncaught Error: Class "GetReview\WC_Webhook" not found in /var/www/woo/wp-content/plugins/get/gr-connect.php:161
Stack trace:
#0 /var/www/woo/wp-includes/class-wp-hook.php(308): GetReview\Connect->createOrderUpdateWebhook()
#1 /var/www/woo/wp-includes/class-wp-hook.php(332): WP_Hook->apply_filters()
#2 /var/www/woo/wp-includes/plugin.php(517): WP_Hook->do_action()
#3 /var/www/woo/wp-admin/admin-header.php(163): do_action()
#4 /var/www/woo/wp-admin/index.php(137): require_once('...')
#5 {main}
  thrown in /var/www/woo/wp-content/plugins/get/gr-connect.php on line 161

2023-05-16T14:37:36+00:00 CRITICAL Uncaught Error: Class "GetReview\WC_Webhook" not found in /var/www/woo/wp-content/plugins/get/gr-connect.php:161
Stack trace:
#0 /var/www/woo/wp-includes/class-wp-hook.php(308): GetReview\Connect->createOrderUpdateWebhook()
#1 /var/www/woo/wp-includes/class-wp-hook.php(332): WP_Hook->apply_filters()
#2 /var/www/woo/wp-includes/plugin.php(517): WP_Hook->do_action()
#3 /var/www/woo/wp-admin/admin-header.php(163): do_action()
#4 /var/www/woo/wp-admin/index.php(137): require_once('...')
#5 {main}
  thrown in /var/www/woo/wp-content/plugins/get/gr-connect.php on line 161

2023-05-16T14:37:36+00:00 CRITICAL Uncaught Error: Class "GetReview\WC_Webhook" not found in /var/www/woo/wp-content/plugins/get/gr-connect.php:161
Stack trace:
#0 /var/www/woo/wp-includes/class-wp-hook.php(308): GetReview\Connect->createOrderUpdateWebhook()
#1 /var/www/woo/wp-includes/class-wp-hook.php(332): WP_Hook->apply_filters()
#2 /var/www/woo/wp-includes/plugin.php(517): WP_Hook->do_action()
#3 /var/www/woo/wp-admin/admin-header.php(163): do_action()
#4 /var/www/woo/wp-admin/index.php(137): require_once('...')
#5 {main}
  thrown in /var/www/woo/wp-content/plugins/get/gr-connect.php on line 161

2023-05-16T14:40:55+00:00 CRITICAL Namespace declaration statement has to be the very first statement or after any declare call in the script in /var/www/woo/wp-content/plugins/woocommerce/includes/class-wc-webhook.php on line 17

2023-05-16T14:40:57+00:00 CRITICAL Namespace declaration statement has to be the very first statement or after any declare call in the script in /var/www/woo/wp-content/plugins/woocommerce/includes/class-wc-webhook.php on line 17

2023-05-16T14:41:20+00:00 CRITICAL Namespace declaration statement has to be the very first statement or after any declare call in the script in /var/www/woo/wp-content/plugins/woocommerce/includes/class-wc-webhook.php on line 17

2023-05-16T14:41:21+00:00 CRITICAL Uncaught Error: Class "GetReview\WC_Legacy_Webhook" not found in /var/www/woo/wp-content/plugins/woocommerce/includes/class-wc-webhook.php:28
Stack trace:
#0 /var/www/woo/wp-content/plugins/get/gr-connect.php(134): include()
#1 /var/www/woo/wp-includes/class-wp-hook.php(308): GetReview\Connect->createOrderUpdateWebhook()
#2 /var/www/woo/wp-includes/class-wp-hook.php(332): WP_Hook->apply_filters()
#3 /var/www/woo/wp-includes/plugin.php(517): WP_Hook->do_action()
#4 /var/www/woo/wp-admin/admin-header.php(163): do_action()
#5 /var/www/woo/wp-admin/index.php(137): require_once('...')
#6 {main}
  thrown in /var/www/woo/wp-content/plugins/woocommerce/includes/class-wc-webhook.php on line 28

2023-05-16T14:41:23+00:00 CRITICAL Uncaught Error: Class "GetReview\WC_Legacy_Webhook" not found in /var/www/woo/wp-content/plugins/woocommerce/includes/class-wc-webhook.php:28
Stack trace:
#0 /var/www/woo/wp-content/plugins/get/gr-connect.php(134): include()
#1 /var/www/woo/wp-includes/class-wp-hook.php(308): GetReview\Connect->createOrderUpdateWebhook()
#2 /var/www/woo/wp-includes/class-wp-hook.php(332): WP_Hook->apply_filters()
#3 /var/www/woo/wp-includes/plugin.php(517): WP_Hook->do_action()
#4 /var/www/woo/wp-admin/admin-header.php(163): do_action()
#5 /var/www/woo/wp-admin/index.php(137): require_once('...')
#6 {main}
  thrown in /var/www/woo/wp-content/plugins/woocommerce/includes/class-wc-webhook.php on line 28

2023-05-16T14:43:08+00:00 CRITICAL Uncaught Error: Class "GetReview\WC_Legacy_Webhook" not found in /var/www/woo/wp-content/plugins/woocommerce/includes/class-wc-webhook.php:28
Stack trace:
#0 /var/www/woo/wp-content/plugins/get/gr-connect.php(134): include()
#1 /var/www/woo/wp-includes/class-wp-hook.php(308): GetReview\Connect->createOrderUpdateWebhook()
#2 /var/www/woo/wp-includes/class-wp-hook.php(332): WP_Hook->apply_filters()
#3 /var/www/woo/wp-includes/plugin.php(517): WP_Hook->do_action()
#4 /var/www/woo/wp-admin/admin-header.php(163): do_action()
#5 /var/www/woo/wp-admin/index.php(137): require_once('...')
#6 {main}
  thrown in /var/www/woo/wp-content/plugins/woocommerce/includes/class-wc-webhook.php on line 28

2023-05-16T14:43:10+00:00 CRITICAL Uncaught Error: Class "GetReview\WC_Webhook" not found in /var/www/woo/wp-content/plugins/get/gr-connect.php:161
Stack trace:
#0 /var/www/woo/wp-includes/class-wp-hook.php(308): GetReview\Connect->createOrderUpdateWebhook()
#1 /var/www/woo/wp-includes/class-wp-hook.php(332): WP_Hook->apply_filters()
#2 /var/www/woo/wp-includes/plugin.php(517): WP_Hook->do_action()
#3 /var/www/woo/wp-admin/admin-header.php(163): do_action()
#4 /var/www/woo/wp-admin/index.php(137): require_once('...')
#5 {main}
  thrown in /var/www/woo/wp-content/plugins/get/gr-connect.php on line 161

2023-05-16T14:43:11+00:00 CRITICAL Uncaught Error: Class "GetReview\WC_Webhook" not found in /var/www/woo/wp-content/plugins/get/gr-connect.php:161
Stack trace:
#0 /var/www/woo/wp-includes/class-wp-hook.php(308): GetReview\Connect->createOrderUpdateWebhook()
#1 /var/www/woo/wp-includes/class-wp-hook.php(332): WP_Hook->apply_filters()
#2 /var/www/woo/wp-includes/plugin.php(517): WP_Hook->do_action()
#3 /var/www/woo/wp-admin/admin-header.php(163): do_action()
#4 /var/www/woo/wp-admin/index.php(137): require_once('...')
#5 {main}
  thrown in /var/www/woo/wp-content/plugins/get/gr-connect.php on line 161

2023-05-16T14:44:56+00:00 CRITICAL Uncaught Error: Class "GetReview\WC_Webhook" not found in /var/www/woo/wp-content/plugins/get/gr-connect.php:161
Stack trace:
#0 /var/www/woo/wp-includes/class-wp-hook.php(308): GetReview\Connect->createOrderUpdateWebhook()
#1 /var/www/woo/wp-includes/class-wp-hook.php(332): WP_Hook->apply_filters()
#2 /var/www/woo/wp-includes/plugin.php(517): WP_Hook->do_action()
#3 /var/www/woo/wp-admin/admin-header.php(163): do_action()
#4 /var/www/woo/wp-admin/index.php(137): require_once('...')
#5 {main}
  thrown in /var/www/woo/wp-content/plugins/get/gr-connect.php on line 161

2023-05-16T14:44:58+00:00 CRITICAL Uncaught Error: Class "GetReview\WC_Webhook" not found in /var/www/woo/wp-content/plugins/get/gr-connect.php:161
Stack trace:
#0 /var/www/woo/wp-includes/class-wp-hook.php(308): GetReview\Connect->createOrderUpdateWebhook()
#1 /var/www/woo/wp-includes/class-wp-hook.php(332): WP_Hook->apply_filters()
#2 /var/www/woo/wp-includes/plugin.php(517): WP_Hook->do_action()
#3 /var/www/woo/wp-admin/admin-header.php(163): do_action()
#4 /var/www/woo/wp-admin/index.php(137): require_once('...')
#5 {main}
  thrown in /var/www/woo/wp-content/plugins/get/gr-connect.php on line 161

2023-05-16T14:48:59+00:00 CRITICAL Uncaught Error: Class "GetReview\WC_Webhook_Data_Store" not found in /var/www/woo/wp-content/plugins/get/gr-connect.php:174
Stack trace:
#0 /var/www/woo/wp-includes/class-wp-hook.php(308): GetReview\Connect->createOrderUpdateWebhook()
#1 /var/www/woo/wp-includes/class-wp-hook.php(332): WP_Hook->apply_filters()
#2 /var/www/woo/wp-includes/plugin.php(517): WP_Hook->do_action()
#3 /var/www/woo/wp-admin/admin-header.php(163): do_action()
#4 /var/www/woo/wp-admin/index.php(137): require_once('...')
#5 {main}
  thrown in /var/www/woo/wp-content/plugins/get/gr-connect.php on line 174

2023-05-16T14:49:28+00:00 CRITICAL Uncaught Error: Class "GetReview\WC_Webhook_Data_Store" not found in /var/www/woo/wp-content/plugins/get/gr-connect.php:174
Stack trace:
#0 /var/www/woo/wp-includes/class-wp-hook.php(308): GetReview\Connect->createOrderUpdateWebhook()
#1 /var/www/woo/wp-includes/class-wp-hook.php(332): WP_Hook->apply_filters()
#2 /var/www/woo/wp-includes/plugin.php(517): WP_Hook->do_action()
#3 /var/www/woo/wp-admin/admin-header.php(163): do_action()
#4 /var/www/woo/wp-admin/index.php(137): require_once('...')
#5 {main}
  thrown in /var/www/woo/wp-content/plugins/get/gr-connect.php on line 174

2023-05-16T14:49:29+00:00 CRITICAL Uncaught Error: Class "GetReview\WC_Webhook_Data_Store" not found in /var/www/woo/wp-content/plugins/get/gr-connect.php:174
Stack trace:
#0 /var/www/woo/wp-includes/class-wp-hook.php(308): GetReview\Connect->createOrderUpdateWebhook()
#1 /var/www/woo/wp-includes/class-wp-hook.php(332): WP_Hook->apply_filters()
#2 /var/www/woo/wp-includes/plugin.php(517): WP_Hook->do_action()
#3 /var/www/woo/wp-admin/admin-header.php(163): do_action()
#4 /var/www/woo/wp-admin/index.php(137): require_once('...')
#5 {main}
  thrown in /var/www/woo/wp-content/plugins/get/gr-connect.php on line 174

2023-05-16T16:09:15+00:00 CRITICAL Cannot declare class WC_Webhook, because the name is already in use in /var/www/woo/wp-content/plugins/woocommerce/includes/class-wc-webhook.php on line 0

2023-05-16T16:09:19+00:00 CRITICAL Cannot declare class WC_Webhook, because the name is already in use in /var/www/woo/wp-content/plugins/woocommerce/includes/class-wc-webhook.php on line 0

2023-05-16T16:09:20+00:00 CRITICAL Cannot declare class WC_Webhook, because the name is already in use in /var/www/woo/wp-content/plugins/woocommerce/includes/class-wc-webhook.php on line 0

2023-05-16T16:10:39+00:00 CRITICAL Cannot declare class WC_Webhook, because the name is already in use in /var/www/woo/wp-content/plugins/woocommerce/includes/class-wc-webhook.php on line 0

2023-05-16T16:10:42+00:00 CRITICAL Cannot declare class WC_Webhook, because the name is already in use in /var/www/woo/wp-content/plugins/woocommerce/includes/class-wc-webhook.php on line 0

