2023-05-17T12:51:14+00:00 CRITICAL Uncaught Error: Class "WC_Email" not found in /var/www/woo/wp-content/plugins/get/getreview.php:38
Stack trace:
#0 /var/www/woo/wp-includes/class-wp-hook.php(308): {closure}()
#1 /var/www/woo/wp-includes/class-wp-hook.php(332): WP_Hook->apply_filters()
#2 /var/www/woo/wp-includes/plugin.php(517): WP_Hook->do_action()
#3 /var/www/woo/wp-settings.php(480): do_action()
#4 /var/www/woo/wp-config.php(98): require_once('...')
#5 /var/www/woo/wp-load.php(50): require_once('...')
#6 /var/www/woo/wp-admin/admin-ajax.php(22): require_once('...')
#7 {main}
  thrown in /var/www/woo/wp-content/plugins/get/getreview.php on line 38

2023-05-17T12:56:46+00:00 CRITICAL Uncaught Error: Class "WC_Email" not found in /var/www/woo/wp-content/plugins/get/gr-connect.php:16
Stack trace:
#0 /var/www/woo/wp-includes/class-wp-hook.php(308): GetReview\Connect->GetReview\{closure}()
#1 /var/www/woo/wp-includes/class-wp-hook.php(332): WP_Hook->apply_filters()
#2 /var/www/woo/wp-includes/plugin.php(517): WP_Hook->do_action()
#3 /var/www/woo/wp-content/plugins/woocommerce/templates/checkout/payment.php(49): do_action()
#4 /var/www/woo/wp-content/plugins/woocommerce/includes/wc-core-functions.php(345): include('...')
#5 /var/www/woo/wp-content/plugins/woocommerce/includes/wc-template-functions.php(2387): wc_get_template()
#6 /var/www/woo/wp-includes/class-wp-hook.php(308): woocommerce_checkout_payment()
#7 /var/www/woo/wp-includes/class-wp-hook.php(332): WP_Hook->apply_filters()
#8 /var/www/woo/wp-includes/plugin.php(517): WP_Hook->do_action()
#9 /var/www/woo/wp-content/plugins/woocommerce/templates/checkout/form-checkout.php(59): do_action()
#10 /var/www/woo/wp-content/plugins/woocommerce/includes/wc-core-functions.php(345): include('...')
#11 /var/www/woo/wp-content/plugins/woocommerce/includes/shortcodes/class-wc-shortcode-checkout.php(316): wc_get_template()
#12 /var/www/woo/wp-content/plugins/woocommerce/includes/shortcodes/class-wc-shortcode-checkout.php(67): WC_Shortcode_Checkout::checkout()
#13 /var/www/woo/wp-content/plugins/woocommerce/includes/class-wc-shortcodes.php(72): WC_Shortcode_Checkout::output()
#14 /var/www/woo/wp-content/plugins/woocommerce/includes/class-wc-shortcodes.php(95): WC_Shortcodes::shortcode_wrapper()
#15 /var/www/woo/wp-includes/shortcodes.php(355): WC_Shortcodes::checkout()
#16 [internal function]: do_shortcode_tag()
#17 /var/www/woo/wp-includes/shortcodes.php(227): preg_replace_callback()
#18 /var/www/woo/wp-includes/class-wp-hook.php(308): do_shortcode()
#19 /var/www/woo/wp-includes/plugin.php(205): WP_Hook->apply_filters()
#20 /var/www/woo/wp-includes/blocks/post-content.php(55): apply_filters()
#21 /var/www/woo/wp-includes/class-wp-block.php(256): render_block_core_post_content()
#22 /var/www/woo/wp-includes/class-wp-block.php(242): WP_Block->render()
#23 /var/www/woo/wp-includes/blocks.php(1051): WP_Block->render()
#24 /var/www/woo/wp-includes/blocks.php(1089): render_block()
#25 /var/www/woo/wp-includes/block-template.php(240): do_blocks()
#26 /var/www/woo/wp-includes/template-canvas.php(12): get_the_block_template_html()
#27 /var/www/woo/wp-includes/template-loader.php(106): include('...')
#28 /var/www/woo/wp-blog-header.php(19): require_once('...')
#29 /var/www/woo/index.php(17): require('...')
#30 {main}
  thrown in /var/www/woo/wp-content/plugins/get/gr-connect.php on line 16

2023-05-17T13:34:53+00:00 CRITICAL Uncaught Error: Class "WC" not found in /var/www/woo/wp-content/plugins/get/gr-connect.php:32
Stack trace:
#0 /var/www/woo/wp-includes/class-wp-hook.php(308): GetReview\Connect->test()
#1 /var/www/woo/wp-includes/class-wp-hook.php(332): WP_Hook->apply_filters()
#2 /var/www/woo/wp-includes/plugin.php(517): WP_Hook->do_action()
#3 /var/www/woo/wp-content/plugins/woocommerce/templates/checkout/payment.php(49): do_action()
#4 /var/www/woo/wp-content/plugins/woocommerce/includes/wc-core-functions.php(345): include('...')
#5 /var/www/woo/wp-content/plugins/woocommerce/includes/wc-template-functions.php(2387): wc_get_template()
#6 /var/www/woo/wp-includes/class-wp-hook.php(308): woocommerce_checkout_payment()
#7 /var/www/woo/wp-includes/class-wp-hook.php(332): WP_Hook->apply_filters()
#8 /var/www/woo/wp-includes/plugin.php(517): WP_Hook->do_action()
#9 /var/www/woo/wp-content/plugins/woocommerce/templates/checkout/form-checkout.php(59): do_action()
#10 /var/www/woo/wp-content/plugins/woocommerce/includes/wc-core-functions.php(345): include('...')
#11 /var/www/woo/wp-content/plugins/woocommerce/includes/shortcodes/class-wc-shortcode-checkout.php(316): wc_get_template()
#12 /var/www/woo/wp-content/plugins/woocommerce/includes/shortcodes/class-wc-shortcode-checkout.php(67): WC_Shortcode_Checkout::checkout()
#13 /var/www/woo/wp-content/plugins/woocommerce/includes/class-wc-shortcodes.php(72): WC_Shortcode_Checkout::output()
#14 /var/www/woo/wp-content/plugins/woocommerce/includes/class-wc-shortcodes.php(95): WC_Shortcodes::shortcode_wrapper()
#15 /var/www/woo/wp-includes/shortcodes.php(355): WC_Shortcodes::checkout()
#16 [internal function]: do_shortcode_tag()
#17 /var/www/woo/wp-includes/shortcodes.php(227): preg_replace_callback()
#18 /var/www/woo/wp-includes/class-wp-hook.php(308): do_shortcode()
#19 /var/www/woo/wp-includes/plugin.php(205): WP_Hook->apply_filters()
#20 /var/www/woo/wp-includes/blocks/post-content.php(55): apply_filters()
#21 /var/www/woo/wp-includes/class-wp-block.php(256): render_block_core_post_content()
#22 /var/www/woo/wp-includes/class-wp-block.php(242): WP_Block->render()
#23 /var/www/woo/wp-includes/blocks.php(1051): WP_Block->render()
#24 /var/www/woo/wp-includes/blocks.php(1089): render_block()
#25 /var/www/woo/wp-includes/block-template.php(240): do_blocks()
#26 /var/www/woo/wp-includes/template-canvas.php(12): get_the_block_template_html()
#27 /var/www/woo/wp-includes/template-loader.php(106): include('...')
#28 /var/www/woo/wp-blog-header.php(19): require_once('...')
#29 /var/www/woo/index.php(17): require('...')
#30 {main}
  thrown in /var/www/woo/wp-content/plugins/get/gr-connect.php on line 32

2023-05-17T13:35:10+00:00 CRITICAL Uncaught Error: Class "GetReview\WC" not found in /var/www/woo/wp-content/plugins/get/gr-connect.php:32
Stack trace:
#0 /var/www/woo/wp-includes/class-wp-hook.php(308): GetReview\Connect->test()
#1 /var/www/woo/wp-includes/class-wp-hook.php(332): WP_Hook->apply_filters()
#2 /var/www/woo/wp-includes/plugin.php(517): WP_Hook->do_action()
#3 /var/www/woo/wp-content/plugins/woocommerce/templates/checkout/payment.php(49): do_action()
#4 /var/www/woo/wp-content/plugins/woocommerce/includes/wc-core-functions.php(345): include('...')
#5 /var/www/woo/wp-content/plugins/woocommerce/includes/wc-template-functions.php(2387): wc_get_template()
#6 /var/www/woo/wp-includes/class-wp-hook.php(308): woocommerce_checkout_payment()
#7 /var/www/woo/wp-includes/class-wp-hook.php(332): WP_Hook->apply_filters()
#8 /var/www/woo/wp-includes/plugin.php(517): WP_Hook->do_action()
#9 /var/www/woo/wp-content/plugins/woocommerce/templates/checkout/form-checkout.php(59): do_action()
#10 /var/www/woo/wp-content/plugins/woocommerce/includes/wc-core-functions.php(345): include('...')
#11 /var/www/woo/wp-content/plugins/woocommerce/includes/shortcodes/class-wc-shortcode-checkout.php(316): wc_get_template()
#12 /var/www/woo/wp-content/plugins/woocommerce/includes/shortcodes/class-wc-shortcode-checkout.php(67): WC_Shortcode_Checkout::checkout()
#13 /var/www/woo/wp-content/plugins/woocommerce/includes/class-wc-shortcodes.php(72): WC_Shortcode_Checkout::output()
#14 /var/www/woo/wp-content/plugins/woocommerce/includes/class-wc-shortcodes.php(95): WC_Shortcodes::shortcode_wrapper()
#15 /var/www/woo/wp-includes/shortcodes.php(355): WC_Shortcodes::checkout()
#16 [internal function]: do_shortcode_tag()
#17 /var/www/woo/wp-includes/shortcodes.php(227): preg_replace_callback()
#18 /var/www/woo/wp-includes/class-wp-hook.php(308): do_shortcode()
#19 /var/www/woo/wp-includes/plugin.php(205): WP_Hook->apply_filters()
#20 /var/www/woo/wp-includes/blocks/post-content.php(55): apply_filters()
#21 /var/www/woo/wp-includes/class-wp-block.php(256): render_block_core_post_content()
#22 /var/www/woo/wp-includes/class-wp-block.php(242): WP_Block->render()
#23 /var/www/woo/wp-includes/blocks.php(1051): WP_Block->render()
#24 /var/www/woo/wp-includes/blocks.php(1089): render_block()
#25 /var/www/woo/wp-includes/block-template.php(240): do_blocks()
#26 /var/www/woo/wp-includes/template-canvas.php(12): get_the_block_template_html()
#27 /var/www/woo/wp-includes/template-loader.php(106): include('...')
#28 /var/www/woo/wp-blog-header.php(19): require_once('...')
#29 /var/www/woo/index.php(17): require('...')
#30 {main}
  thrown in /var/www/woo/wp-content/plugins/get/gr-connect.php on line 32

2023-05-17T13:35:33+00:00 CRITICAL Uncaught Error: Class "GetReview\WC" not found in /var/www/woo/wp-content/plugins/get/gr-connect.php:32
Stack trace:
#0 /var/www/woo/wp-includes/class-wp-hook.php(308): GetReview\Connect->test()
#1 /var/www/woo/wp-includes/class-wp-hook.php(332): WP_Hook->apply_filters()
#2 /var/www/woo/wp-includes/plugin.php(517): WP_Hook->do_action()
#3 /var/www/woo/wp-content/plugins/woocommerce/templates/checkout/payment.php(49): do_action()
#4 /var/www/woo/wp-content/plugins/woocommerce/includes/wc-core-functions.php(345): include('...')
#5 /var/www/woo/wp-content/plugins/woocommerce/includes/wc-template-functions.php(2387): wc_get_template()
#6 /var/www/woo/wp-includes/class-wp-hook.php(308): woocommerce_checkout_payment()
#7 /var/www/woo/wp-includes/class-wp-hook.php(332): WP_Hook->apply_filters()
#8 /var/www/woo/wp-includes/plugin.php(517): WP_Hook->do_action()
#9 /var/www/woo/wp-content/plugins/woocommerce/templates/checkout/form-checkout.php(59): do_action()
#10 /var/www/woo/wp-content/plugins/woocommerce/includes/wc-core-functions.php(345): include('...')
#11 /var/www/woo/wp-content/plugins/woocommerce/includes/shortcodes/class-wc-shortcode-checkout.php(316): wc_get_template()
#12 /var/www/woo/wp-content/plugins/woocommerce/includes/shortcodes/class-wc-shortcode-checkout.php(67): WC_Shortcode_Checkout::checkout()
#13 /var/www/woo/wp-content/plugins/woocommerce/includes/class-wc-shortcodes.php(72): WC_Shortcode_Checkout::output()
#14 /var/www/woo/wp-content/plugins/woocommerce/includes/class-wc-shortcodes.php(95): WC_Shortcodes::shortcode_wrapper()
#15 /var/www/woo/wp-includes/shortcodes.php(355): WC_Shortcodes::checkout()
#16 [internal function]: do_shortcode_tag()
#17 /var/www/woo/wp-includes/shortcodes.php(227): preg_replace_callback()
#18 /var/www/woo/wp-includes/class-wp-hook.php(308): do_shortcode()
#19 /var/www/woo/wp-includes/plugin.php(205): WP_Hook->apply_filters()
#20 /var/www/woo/wp-includes/blocks/post-content.php(55): apply_filters()
#21 /var/www/woo/wp-includes/class-wp-block.php(256): render_block_core_post_content()
#22 /var/www/woo/wp-includes/class-wp-block.php(242): WP_Block->render()
#23 /var/www/woo/wp-includes/blocks.php(1051): WP_Block->render()
#24 /var/www/woo/wp-includes/blocks.php(1089): render_block()
#25 /var/www/woo/wp-includes/block-template.php(240): do_blocks()
#26 /var/www/woo/wp-includes/template-canvas.php(12): get_the_block_template_html()
#27 /var/www/woo/wp-includes/template-loader.php(106): include('...')
#28 /var/www/woo/wp-blog-header.php(19): require_once('...')
#29 /var/www/woo/index.php(17): require('...')
#30 {main}
  thrown in /var/www/woo/wp-content/plugins/get/gr-connect.php on line 32

2023-05-17T13:35:34+00:00 CRITICAL Uncaught Error: Class "GetReview\WC" not found in /var/www/woo/wp-content/plugins/get/gr-connect.php:32
Stack trace:
#0 /var/www/woo/wp-includes/class-wp-hook.php(308): GetReview\Connect->test()
#1 /var/www/woo/wp-includes/class-wp-hook.php(332): WP_Hook->apply_filters()
#2 /var/www/woo/wp-includes/plugin.php(517): WP_Hook->do_action()
#3 /var/www/woo/wp-content/plugins/woocommerce/templates/checkout/payment.php(49): do_action()
#4 /var/www/woo/wp-content/plugins/woocommerce/includes/wc-core-functions.php(345): include('...')
#5 /var/www/woo/wp-content/plugins/woocommerce/includes/wc-template-functions.php(2387): wc_get_template()
#6 /var/www/woo/wp-includes/class-wp-hook.php(308): woocommerce_checkout_payment()
#7 /var/www/woo/wp-includes/class-wp-hook.php(332): WP_Hook->apply_filters()
#8 /var/www/woo/wp-includes/plugin.php(517): WP_Hook->do_action()
#9 /var/www/woo/wp-content/plugins/woocommerce/templates/checkout/form-checkout.php(59): do_action()
#10 /var/www/woo/wp-content/plugins/woocommerce/includes/wc-core-functions.php(345): include('...')
#11 /var/www/woo/wp-content/plugins/woocommerce/includes/shortcodes/class-wc-shortcode-checkout.php(316): wc_get_template()
#12 /var/www/woo/wp-content/plugins/woocommerce/includes/shortcodes/class-wc-shortcode-checkout.php(67): WC_Shortcode_Checkout::checkout()
#13 /var/www/woo/wp-content/plugins/woocommerce/includes/class-wc-shortcodes.php(72): WC_Shortcode_Checkout::output()
#14 /var/www/woo/wp-content/plugins/woocommerce/includes/class-wc-shortcodes.php(95): WC_Shortcodes::shortcode_wrapper()
#15 /var/www/woo/wp-includes/shortcodes.php(355): WC_Shortcodes::checkout()
#16 [internal function]: do_shortcode_tag()
#17 /var/www/woo/wp-includes/shortcodes.php(227): preg_replace_callback()
#18 /var/www/woo/wp-includes/class-wp-hook.php(308): do_shortcode()
#19 /var/www/woo/wp-includes/plugin.php(205): WP_Hook->apply_filters()
#20 /var/www/woo/wp-includes/blocks/post-content.php(55): apply_filters()
#21 /var/www/woo/wp-includes/class-wp-block.php(256): render_block_core_post_content()
#22 /var/www/woo/wp-includes/class-wp-block.php(242): WP_Block->render()
#23 /var/www/woo/wp-includes/blocks.php(1051): WP_Block->render()
#24 /var/www/woo/wp-includes/blocks.php(1089): render_block()
#25 /var/www/woo/wp-includes/block-template.php(240): do_blocks()
#26 /var/www/woo/wp-includes/template-canvas.php(12): get_the_block_template_html()
#27 /var/www/woo/wp-includes/template-loader.php(106): include('...')
#28 /var/www/woo/wp-blog-header.php(19): require_once('...')
#29 /var/www/woo/index.php(17): require('...')
#30 {main}
  thrown in /var/www/woo/wp-content/plugins/get/gr-connect.php on line 32

2023-05-17T13:35:35+00:00 CRITICAL Uncaught Error: Class "GetReview\WC" not found in /var/www/woo/wp-content/plugins/get/gr-connect.php:32
Stack trace:
#0 /var/www/woo/wp-includes/class-wp-hook.php(308): GetReview\Connect->test()
#1 /var/www/woo/wp-includes/class-wp-hook.php(332): WP_Hook->apply_filters()
#2 /var/www/woo/wp-includes/plugin.php(517): WP_Hook->do_action()
#3 /var/www/woo/wp-content/plugins/woocommerce/templates/checkout/payment.php(49): do_action()
#4 /var/www/woo/wp-content/plugins/woocommerce/includes/wc-core-functions.php(345): include('...')
#5 /var/www/woo/wp-content/plugins/woocommerce/includes/wc-template-functions.php(2387): wc_get_template()
#6 /var/www/woo/wp-includes/class-wp-hook.php(308): woocommerce_checkout_payment()
#7 /var/www/woo/wp-includes/class-wp-hook.php(332): WP_Hook->apply_filters()
#8 /var/www/woo/wp-includes/plugin.php(517): WP_Hook->do_action()
#9 /var/www/woo/wp-content/plugins/woocommerce/templates/checkout/form-checkout.php(59): do_action()
#10 /var/www/woo/wp-content/plugins/woocommerce/includes/wc-core-functions.php(345): include('...')
#11 /var/www/woo/wp-content/plugins/woocommerce/includes/shortcodes/class-wc-shortcode-checkout.php(316): wc_get_template()
#12 /var/www/woo/wp-content/plugins/woocommerce/includes/shortcodes/class-wc-shortcode-checkout.php(67): WC_Shortcode_Checkout::checkout()
#13 /var/www/woo/wp-content/plugins/woocommerce/includes/class-wc-shortcodes.php(72): WC_Shortcode_Checkout::output()
#14 /var/www/woo/wp-content/plugins/woocommerce/includes/class-wc-shortcodes.php(95): WC_Shortcodes::shortcode_wrapper()
#15 /var/www/woo/wp-includes/shortcodes.php(355): WC_Shortcodes::checkout()
#16 [internal function]: do_shortcode_tag()
#17 /var/www/woo/wp-includes/shortcodes.php(227): preg_replace_callback()
#18 /var/www/woo/wp-includes/class-wp-hook.php(308): do_shortcode()
#19 /var/www/woo/wp-includes/plugin.php(205): WP_Hook->apply_filters()
#20 /var/www/woo/wp-includes/blocks/post-content.php(55): apply_filters()
#21 /var/www/woo/wp-includes/class-wp-block.php(256): render_block_core_post_content()
#22 /var/www/woo/wp-includes/class-wp-block.php(242): WP_Block->render()
#23 /var/www/woo/wp-includes/blocks.php(1051): WP_Block->render()
#24 /var/www/woo/wp-includes/blocks.php(1089): render_block()
#25 /var/www/woo/wp-includes/block-template.php(240): do_blocks()
#26 /var/www/woo/wp-includes/template-canvas.php(12): get_the_block_template_html()
#27 /var/www/woo/wp-includes/template-loader.php(106): include('...')
#28 /var/www/woo/wp-blog-header.php(19): require_once('...')
#29 /var/www/woo/index.php(17): require('...')
#30 {main}
  thrown in /var/www/woo/wp-content/plugins/get/gr-connect.php on line 32

2023-05-17T13:35:36+00:00 CRITICAL Uncaught Error: Class "WC" not found in /var/www/woo/wp-content/plugins/get/gr-connect.php:32
Stack trace:
#0 /var/www/woo/wp-includes/class-wp-hook.php(308): GetReview\Connect->test()
#1 /var/www/woo/wp-includes/class-wp-hook.php(332): WP_Hook->apply_filters()
#2 /var/www/woo/wp-includes/plugin.php(517): WP_Hook->do_action()
#3 /var/www/woo/wp-content/plugins/woocommerce/templates/checkout/payment.php(49): do_action()
#4 /var/www/woo/wp-content/plugins/woocommerce/includes/wc-core-functions.php(345): include('...')
#5 /var/www/woo/wp-content/plugins/woocommerce/includes/wc-template-functions.php(2387): wc_get_template()
#6 /var/www/woo/wp-includes/class-wp-hook.php(308): woocommerce_checkout_payment()
#7 /var/www/woo/wp-includes/class-wp-hook.php(332): WP_Hook->apply_filters()
#8 /var/www/woo/wp-includes/plugin.php(517): WP_Hook->do_action()
#9 /var/www/woo/wp-content/plugins/woocommerce/templates/checkout/form-checkout.php(59): do_action()
#10 /var/www/woo/wp-content/plugins/woocommerce/includes/wc-core-functions.php(345): include('...')
#11 /var/www/woo/wp-content/plugins/woocommerce/includes/shortcodes/class-wc-shortcode-checkout.php(316): wc_get_template()
#12 /var/www/woo/wp-content/plugins/woocommerce/includes/shortcodes/class-wc-shortcode-checkout.php(67): WC_Shortcode_Checkout::checkout()
#13 /var/www/woo/wp-content/plugins/woocommerce/includes/class-wc-shortcodes.php(72): WC_Shortcode_Checkout::output()
#14 /var/www/woo/wp-content/plugins/woocommerce/includes/class-wc-shortcodes.php(95): WC_Shortcodes::shortcode_wrapper()
#15 /var/www/woo/wp-includes/shortcodes.php(355): WC_Shortcodes::checkout()
#16 [internal function]: do_shortcode_tag()
#17 /var/www/woo/wp-includes/shortcodes.php(227): preg_replace_callback()
#18 /var/www/woo/wp-includes/class-wp-hook.php(308): do_shortcode()
#19 /var/www/woo/wp-includes/plugin.php(205): WP_Hook->apply_filters()
#20 /var/www/woo/wp-includes/blocks/post-content.php(55): apply_filters()
#21 /var/www/woo/wp-includes/class-wp-block.php(256): render_block_core_post_content()
#22 /var/www/woo/wp-includes/class-wp-block.php(242): WP_Block->render()
#23 /var/www/woo/wp-includes/blocks.php(1051): WP_Block->render()
#24 /var/www/woo/wp-includes/blocks.php(1089): render_block()
#25 /var/www/woo/wp-includes/block-template.php(240): do_blocks()
#26 /var/www/woo/wp-includes/template-canvas.php(12): get_the_block_template_html()
#27 /var/www/woo/wp-includes/template-loader.php(106): include('...')
#28 /var/www/woo/wp-blog-header.php(19): require_once('...')
#29 /var/www/woo/index.php(17): require('...')
#30 {main}
  thrown in /var/www/woo/wp-content/plugins/get/gr-connect.php on line 32

2023-05-17T13:35:37+00:00 CRITICAL Uncaught Error: Class "WC" not found in /var/www/woo/wp-content/plugins/get/gr-connect.php:32
Stack trace:
#0 /var/www/woo/wp-includes/class-wp-hook.php(308): GetReview\Connect->test()
#1 /var/www/woo/wp-includes/class-wp-hook.php(332): WP_Hook->apply_filters()
#2 /var/www/woo/wp-includes/plugin.php(517): WP_Hook->do_action()
#3 /var/www/woo/wp-content/plugins/woocommerce/templates/checkout/payment.php(49): do_action()
#4 /var/www/woo/wp-content/plugins/woocommerce/includes/wc-core-functions.php(345): include('...')
#5 /var/www/woo/wp-content/plugins/woocommerce/includes/wc-template-functions.php(2387): wc_get_template()
#6 /var/www/woo/wp-includes/class-wp-hook.php(308): woocommerce_checkout_payment()
#7 /var/www/woo/wp-includes/class-wp-hook.php(332): WP_Hook->apply_filters()
#8 /var/www/woo/wp-includes/plugin.php(517): WP_Hook->do_action()
#9 /var/www/woo/wp-content/plugins/woocommerce/templates/checkout/form-checkout.php(59): do_action()
#10 /var/www/woo/wp-content/plugins/woocommerce/includes/wc-core-functions.php(345): include('...')
#11 /var/www/woo/wp-content/plugins/woocommerce/includes/shortcodes/class-wc-shortcode-checkout.php(316): wc_get_template()
#12 /var/www/woo/wp-content/plugins/woocommerce/includes/shortcodes/class-wc-shortcode-checkout.php(67): WC_Shortcode_Checkout::checkout()
#13 /var/www/woo/wp-content/plugins/woocommerce/includes/class-wc-shortcodes.php(72): WC_Shortcode_Checkout::output()
#14 /var/www/woo/wp-content/plugins/woocommerce/includes/class-wc-shortcodes.php(95): WC_Shortcodes::shortcode_wrapper()
#15 /var/www/woo/wp-includes/shortcodes.php(355): WC_Shortcodes::checkout()
#16 [internal function]: do_shortcode_tag()
#17 /var/www/woo/wp-includes/shortcodes.php(227): preg_replace_callback()
#18 /var/www/woo/wp-includes/class-wp-hook.php(308): do_shortcode()
#19 /var/www/woo/wp-includes/plugin.php(205): WP_Hook->apply_filters()
#20 /var/www/woo/wp-includes/blocks/post-content.php(55): apply_filters()
#21 /var/www/woo/wp-includes/class-wp-block.php(256): render_block_core_post_content()
#22 /var/www/woo/wp-includes/class-wp-block.php(242): WP_Block->render()
#23 /var/www/woo/wp-includes/blocks.php(1051): WP_Block->render()
#24 /var/www/woo/wp-includes/blocks.php(1089): render_block()
#25 /var/www/woo/wp-includes/block-template.php(240): do_blocks()
#26 /var/www/woo/wp-includes/template-canvas.php(12): get_the_block_template_html()
#27 /var/www/woo/wp-includes/template-loader.php(106): include('...')
#28 /var/www/woo/wp-blog-header.php(19): require_once('...')
#29 /var/www/woo/index.php(17): require('...')
#30 {main}
  thrown in /var/www/woo/wp-content/plugins/get/gr-connect.php on line 32

2023-05-17T13:35:38+00:00 CRITICAL Uncaught Error: Class "WC" not found in /var/www/woo/wp-content/plugins/get/gr-connect.php:32
Stack trace:
#0 /var/www/woo/wp-includes/class-wp-hook.php(308): GetReview\Connect->test()
#1 /var/www/woo/wp-includes/class-wp-hook.php(332): WP_Hook->apply_filters()
#2 /var/www/woo/wp-includes/plugin.php(517): WP_Hook->do_action()
#3 /var/www/woo/wp-content/plugins/woocommerce/templates/checkout/payment.php(49): do_action()
#4 /var/www/woo/wp-content/plugins/woocommerce/includes/wc-core-functions.php(345): include('...')
#5 /var/www/woo/wp-content/plugins/woocommerce/includes/wc-template-functions.php(2387): wc_get_template()
#6 /var/www/woo/wp-includes/class-wp-hook.php(308): woocommerce_checkout_payment()
#7 /var/www/woo/wp-includes/class-wp-hook.php(332): WP_Hook->apply_filters()
#8 /var/www/woo/wp-includes/plugin.php(517): WP_Hook->do_action()
#9 /var/www/woo/wp-content/plugins/woocommerce/templates/checkout/form-checkout.php(59): do_action()
#10 /var/www/woo/wp-content/plugins/woocommerce/includes/wc-core-functions.php(345): include('...')
#11 /var/www/woo/wp-content/plugins/woocommerce/includes/shortcodes/class-wc-shortcode-checkout.php(316): wc_get_template()
#12 /var/www/woo/wp-content/plugins/woocommerce/includes/shortcodes/class-wc-shortcode-checkout.php(67): WC_Shortcode_Checkout::checkout()
#13 /var/www/woo/wp-content/plugins/woocommerce/includes/class-wc-shortcodes.php(72): WC_Shortcode_Checkout::output()
#14 /var/www/woo/wp-content/plugins/woocommerce/includes/class-wc-shortcodes.php(95): WC_Shortcodes::shortcode_wrapper()
#15 /var/www/woo/wp-includes/shortcodes.php(355): WC_Shortcodes::checkout()
#16 [internal function]: do_shortcode_tag()
#17 /var/www/woo/wp-includes/shortcodes.php(227): preg_replace_callback()
#18 /var/www/woo/wp-includes/class-wp-hook.php(308): do_shortcode()
#19 /var/www/woo/wp-includes/plugin.php(205): WP_Hook->apply_filters()
#20 /var/www/woo/wp-includes/blocks/post-content.php(55): apply_filters()
#21 /var/www/woo/wp-includes/class-wp-block.php(256): render_block_core_post_content()
#22 /var/www/woo/wp-includes/class-wp-block.php(242): WP_Block->render()
#23 /var/www/woo/wp-includes/blocks.php(1051): WP_Block->render()
#24 /var/www/woo/wp-includes/blocks.php(1089): render_block()
#25 /var/www/woo/wp-includes/block-template.php(240): do_blocks()
#26 /var/www/woo/wp-includes/template-canvas.php(12): get_the_block_template_html()
#27 /var/www/woo/wp-includes/template-loader.php(106): include('...')
#28 /var/www/woo/wp-blog-header.php(19): require_once('...')
#29 /var/www/woo/index.php(17): require('...')
#30 {main}
  thrown in /var/www/woo/wp-content/plugins/get/gr-connect.php on line 32

2023-05-17T13:35:38+00:00 CRITICAL Uncaught Error: Class "WC" not found in /var/www/woo/wp-content/plugins/get/gr-connect.php:32
Stack trace:
#0 /var/www/woo/wp-includes/class-wp-hook.php(308): GetReview\Connect->test()
#1 /var/www/woo/wp-includes/class-wp-hook.php(332): WP_Hook->apply_filters()
#2 /var/www/woo/wp-includes/plugin.php(517): WP_Hook->do_action()
#3 /var/www/woo/wp-content/plugins/woocommerce/templates/checkout/payment.php(49): do_action()
#4 /var/www/woo/wp-content/plugins/woocommerce/includes/wc-core-functions.php(345): include('...')
#5 /var/www/woo/wp-content/plugins/woocommerce/includes/wc-template-functions.php(2387): wc_get_template()
#6 /var/www/woo/wp-includes/class-wp-hook.php(308): woocommerce_checkout_payment()
#7 /var/www/woo/wp-includes/class-wp-hook.php(332): WP_Hook->apply_filters()
#8 /var/www/woo/wp-includes/plugin.php(517): WP_Hook->do_action()
#9 /var/www/woo/wp-content/plugins/woocommerce/templates/checkout/form-checkout.php(59): do_action()
#10 /var/www/woo/wp-content/plugins/woocommerce/includes/wc-core-functions.php(345): include('...')
#11 /var/www/woo/wp-content/plugins/woocommerce/includes/shortcodes/class-wc-shortcode-checkout.php(316): wc_get_template()
#12 /var/www/woo/wp-content/plugins/woocommerce/includes/shortcodes/class-wc-shortcode-checkout.php(67): WC_Shortcode_Checkout::checkout()
#13 /var/www/woo/wp-content/plugins/woocommerce/includes/class-wc-shortcodes.php(72): WC_Shortcode_Checkout::output()
#14 /var/www/woo/wp-content/plugins/woocommerce/includes/class-wc-shortcodes.php(95): WC_Shortcodes::shortcode_wrapper()
#15 /var/www/woo/wp-includes/shortcodes.php(355): WC_Shortcodes::checkout()
#16 [internal function]: do_shortcode_tag()
#17 /var/www/woo/wp-includes/shortcodes.php(227): preg_replace_callback()
#18 /var/www/woo/wp-includes/class-wp-hook.php(308): do_shortcode()
#19 /var/www/woo/wp-includes/plugin.php(205): WP_Hook->apply_filters()
#20 /var/www/woo/wp-includes/blocks/post-content.php(55): apply_filters()
#21 /var/www/woo/wp-includes/class-wp-block.php(256): render_block_core_post_content()
#22 /var/www/woo/wp-includes/class-wp-block.php(242): WP_Block->render()
#23 /var/www/woo/wp-includes/blocks.php(1051): WP_Block->render()
#24 /var/www/woo/wp-includes/blocks.php(1089): render_block()
#25 /var/www/woo/wp-includes/block-template.php(240): do_blocks()
#26 /var/www/woo/wp-includes/template-canvas.php(12): get_the_block_template_html()
#27 /var/www/woo/wp-includes/template-loader.php(106): include('...')
#28 /var/www/woo/wp-blog-header.php(19): require_once('...')
#29 /var/www/woo/index.php(17): require('...')
#30 {main}
  thrown in /var/www/woo/wp-content/plugins/get/gr-connect.php on line 32

2023-05-17T13:35:41+00:00 CRITICAL Uncaught Error: Class "WC" not found in /var/www/woo/wp-content/plugins/get/gr-connect.php:32
Stack trace:
#0 /var/www/woo/wp-includes/class-wp-hook.php(308): GetReview\Connect->test()
#1 /var/www/woo/wp-includes/class-wp-hook.php(332): WP_Hook->apply_filters()
#2 /var/www/woo/wp-includes/plugin.php(517): WP_Hook->do_action()
#3 /var/www/woo/wp-content/plugins/woocommerce/templates/checkout/payment.php(49): do_action()
#4 /var/www/woo/wp-content/plugins/woocommerce/includes/wc-core-functions.php(345): include('...')
#5 /var/www/woo/wp-content/plugins/woocommerce/includes/wc-template-functions.php(2387): wc_get_template()
#6 /var/www/woo/wp-includes/class-wp-hook.php(308): woocommerce_checkout_payment()
#7 /var/www/woo/wp-includes/class-wp-hook.php(332): WP_Hook->apply_filters()
#8 /var/www/woo/wp-includes/plugin.php(517): WP_Hook->do_action()
#9 /var/www/woo/wp-content/plugins/woocommerce/templates/checkout/form-checkout.php(59): do_action()
#10 /var/www/woo/wp-content/plugins/woocommerce/includes/wc-core-functions.php(345): include('...')
#11 /var/www/woo/wp-content/plugins/woocommerce/includes/shortcodes/class-wc-shortcode-checkout.php(316): wc_get_template()
#12 /var/www/woo/wp-content/plugins/woocommerce/includes/shortcodes/class-wc-shortcode-checkout.php(67): WC_Shortcode_Checkout::checkout()
#13 /var/www/woo/wp-content/plugins/woocommerce/includes/class-wc-shortcodes.php(72): WC_Shortcode_Checkout::output()
#14 /var/www/woo/wp-content/plugins/woocommerce/includes/class-wc-shortcodes.php(95): WC_Shortcodes::shortcode_wrapper()
#15 /var/www/woo/wp-includes/shortcodes.php(355): WC_Shortcodes::checkout()
#16 [internal function]: do_shortcode_tag()
#17 /var/www/woo/wp-includes/shortcodes.php(227): preg_replace_callback()
#18 /var/www/woo/wp-includes/class-wp-hook.php(308): do_shortcode()
#19 /var/www/woo/wp-includes/plugin.php(205): WP_Hook->apply_filters()
#20 /var/www/woo/wp-includes/blocks/post-content.php(55): apply_filters()
#21 /var/www/woo/wp-includes/class-wp-block.php(256): render_block_core_post_content()
#22 /var/www/woo/wp-includes/class-wp-block.php(242): WP_Block->render()
#23 /var/www/woo/wp-includes/blocks.php(1051): WP_Block->render()
#24 /var/www/woo/wp-includes/blocks.php(1089): render_block()
#25 /var/www/woo/wp-includes/block-template.php(240): do_blocks()
#26 /var/www/woo/wp-includes/template-canvas.php(12): get_the_block_template_html()
#27 /var/www/woo/wp-includes/template-loader.php(106): include('...')
#28 /var/www/woo/wp-blog-header.php(19): require_once('...')
#29 /var/www/woo/index.php(17): require('...')
#30 {main}
  thrown in /var/www/woo/wp-content/plugins/get/gr-connect.php on line 32

2023-05-17T13:35:41+00:00 CRITICAL Uncaught Error: Class "WC" not found in /var/www/woo/wp-content/plugins/get/gr-connect.php:32
Stack trace:
#0 /var/www/woo/wp-includes/class-wp-hook.php(308): GetReview\Connect->test()
#1 /var/www/woo/wp-includes/class-wp-hook.php(332): WP_Hook->apply_filters()
#2 /var/www/woo/wp-includes/plugin.php(517): WP_Hook->do_action()
#3 /var/www/woo/wp-content/plugins/woocommerce/templates/checkout/payment.php(49): do_action()
#4 /var/www/woo/wp-content/plugins/woocommerce/includes/wc-core-functions.php(345): include('...')
#5 /var/www/woo/wp-content/plugins/woocommerce/includes/wc-template-functions.php(2387): wc_get_template()
#6 /var/www/woo/wp-includes/class-wp-hook.php(308): woocommerce_checkout_payment()
#7 /var/www/woo/wp-includes/class-wp-hook.php(332): WP_Hook->apply_filters()
#8 /var/www/woo/wp-includes/plugin.php(517): WP_Hook->do_action()
#9 /var/www/woo/wp-content/plugins/woocommerce/templates/checkout/form-checkout.php(59): do_action()
#10 /var/www/woo/wp-content/plugins/woocommerce/includes/wc-core-functions.php(345): include('...')
#11 /var/www/woo/wp-content/plugins/woocommerce/includes/shortcodes/class-wc-shortcode-checkout.php(316): wc_get_template()
#12 /var/www/woo/wp-content/plugins/woocommerce/includes/shortcodes/class-wc-shortcode-checkout.php(67): WC_Shortcode_Checkout::checkout()
#13 /var/www/woo/wp-content/plugins/woocommerce/includes/class-wc-shortcodes.php(72): WC_Shortcode_Checkout::output()
#14 /var/www/woo/wp-content/plugins/woocommerce/includes/class-wc-shortcodes.php(95): WC_Shortcodes::shortcode_wrapper()
#15 /var/www/woo/wp-includes/shortcodes.php(355): WC_Shortcodes::checkout()
#16 [internal function]: do_shortcode_tag()
#17 /var/www/woo/wp-includes/shortcodes.php(227): preg_replace_callback()
#18 /var/www/woo/wp-includes/class-wp-hook.php(308): do_shortcode()
#19 /var/www/woo/wp-includes/plugin.php(205): WP_Hook->apply_filters()
#20 /var/www/woo/wp-includes/blocks/post-content.php(55): apply_filters()
#21 /var/www/woo/wp-includes/class-wp-block.php(256): render_block_core_post_content()
#22 /var/www/woo/wp-includes/class-wp-block.php(242): WP_Block->render()
#23 /var/www/woo/wp-includes/blocks.php(1051): WP_Block->render()
#24 /var/www/woo/wp-includes/blocks.php(1089): render_block()
#25 /var/www/woo/wp-includes/block-template.php(240): do_blocks()
#26 /var/www/woo/wp-includes/template-canvas.php(12): get_the_block_template_html()
#27 /var/www/woo/wp-includes/template-loader.php(106): include('...')
#28 /var/www/woo/wp-blog-header.php(19): require_once('...')
#29 /var/www/woo/index.php(17): require('...')
#30 {main}
  thrown in /var/www/woo/wp-content/plugins/get/gr-connect.php on line 32

2023-05-17T13:35:42+00:00 CRITICAL Uncaught Error: Class "WC" not found in /var/www/woo/wp-content/plugins/get/gr-connect.php:32
Stack trace:
#0 /var/www/woo/wp-includes/class-wp-hook.php(308): GetReview\Connect->test()
#1 /var/www/woo/wp-includes/class-wp-hook.php(332): WP_Hook->apply_filters()
#2 /var/www/woo/wp-includes/plugin.php(517): WP_Hook->do_action()
#3 /var/www/woo/wp-content/plugins/woocommerce/templates/checkout/payment.php(49): do_action()
#4 /var/www/woo/wp-content/plugins/woocommerce/includes/wc-core-functions.php(345): include('...')
#5 /var/www/woo/wp-content/plugins/woocommerce/includes/wc-template-functions.php(2387): wc_get_template()
#6 /var/www/woo/wp-includes/class-wp-hook.php(308): woocommerce_checkout_payment()
#7 /var/www/woo/wp-includes/class-wp-hook.php(332): WP_Hook->apply_filters()
#8 /var/www/woo/wp-includes/plugin.php(517): WP_Hook->do_action()
#9 /var/www/woo/wp-content/plugins/woocommerce/templates/checkout/form-checkout.php(59): do_action()
#10 /var/www/woo/wp-content/plugins/woocommerce/includes/wc-core-functions.php(345): include('...')
#11 /var/www/woo/wp-content/plugins/woocommerce/includes/shortcodes/class-wc-shortcode-checkout.php(316): wc_get_template()
#12 /var/www/woo/wp-content/plugins/woocommerce/includes/shortcodes/class-wc-shortcode-checkout.php(67): WC_Shortcode_Checkout::checkout()
#13 /var/www/woo/wp-content/plugins/woocommerce/includes/class-wc-shortcodes.php(72): WC_Shortcode_Checkout::output()
#14 /var/www/woo/wp-content/plugins/woocommerce/includes/class-wc-shortcodes.php(95): WC_Shortcodes::shortcode_wrapper()
#15 /var/www/woo/wp-includes/shortcodes.php(355): WC_Shortcodes::checkout()
#16 [internal function]: do_shortcode_tag()
#17 /var/www/woo/wp-includes/shortcodes.php(227): preg_replace_callback()
#18 /var/www/woo/wp-includes/class-wp-hook.php(308): do_shortcode()
#19 /var/www/woo/wp-includes/plugin.php(205): WP_Hook->apply_filters()
#20 /var/www/woo/wp-includes/blocks/post-content.php(55): apply_filters()
#21 /var/www/woo/wp-includes/class-wp-block.php(256): render_block_core_post_content()
#22 /var/www/woo/wp-includes/class-wp-block.php(242): WP_Block->render()
#23 /var/www/woo/wp-includes/blocks.php(1051): WP_Block->render()
#24 /var/www/woo/wp-includes/blocks.php(1089): render_block()
#25 /var/www/woo/wp-includes/block-template.php(240): do_blocks()
#26 /var/www/woo/wp-includes/template-canvas.php(12): get_the_block_template_html()
#27 /var/www/woo/wp-includes/template-loader.php(106): include('...')
#28 /var/www/woo/wp-blog-header.php(19): require_once('...')
#29 /var/www/woo/index.php(17): require('...')
#30 {main}
  thrown in /var/www/woo/wp-content/plugins/get/gr-connect.php on line 32

2023-05-17T13:35:43+00:00 CRITICAL Uncaught Error: Class "WC" not found in /var/www/woo/wp-content/plugins/get/gr-connect.php:32
Stack trace:
#0 /var/www/woo/wp-includes/class-wp-hook.php(308): GetReview\Connect->test()
#1 /var/www/woo/wp-includes/class-wp-hook.php(332): WP_Hook->apply_filters()
#2 /var/www/woo/wp-includes/plugin.php(517): WP_Hook->do_action()
#3 /var/www/woo/wp-content/plugins/woocommerce/templates/checkout/payment.php(49): do_action()
#4 /var/www/woo/wp-content/plugins/woocommerce/includes/wc-core-functions.php(345): include('...')
#5 /var/www/woo/wp-content/plugins/woocommerce/includes/wc-template-functions.php(2387): wc_get_template()
#6 /var/www/woo/wp-includes/class-wp-hook.php(308): woocommerce_checkout_payment()
#7 /var/www/woo/wp-includes/class-wp-hook.php(332): WP_Hook->apply_filters()
#8 /var/www/woo/wp-includes/plugin.php(517): WP_Hook->do_action()
#9 /var/www/woo/wp-content/plugins/woocommerce/templates/checkout/form-checkout.php(59): do_action()
#10 /var/www/woo/wp-content/plugins/woocommerce/includes/wc-core-functions.php(345): include('...')
#11 /var/www/woo/wp-content/plugins/woocommerce/includes/shortcodes/class-wc-shortcode-checkout.php(316): wc_get_template()
#12 /var/www/woo/wp-content/plugins/woocommerce/includes/shortcodes/class-wc-shortcode-checkout.php(67): WC_Shortcode_Checkout::checkout()
#13 /var/www/woo/wp-content/plugins/woocommerce/includes/class-wc-shortcodes.php(72): WC_Shortcode_Checkout::output()
#14 /var/www/woo/wp-content/plugins/woocommerce/includes/class-wc-shortcodes.php(95): WC_Shortcodes::shortcode_wrapper()
#15 /var/www/woo/wp-includes/shortcodes.php(355): WC_Shortcodes::checkout()
#16 [internal function]: do_shortcode_tag()
#17 /var/www/woo/wp-includes/shortcodes.php(227): preg_replace_callback()
#18 /var/www/woo/wp-includes/class-wp-hook.php(308): do_shortcode()
#19 /var/www/woo/wp-includes/plugin.php(205): WP_Hook->apply_filters()
#20 /var/www/woo/wp-includes/blocks/post-content.php(55): apply_filters()
#21 /var/www/woo/wp-includes/class-wp-block.php(256): render_block_core_post_content()
#22 /var/www/woo/wp-includes/class-wp-block.php(242): WP_Block->render()
#23 /var/www/woo/wp-includes/blocks.php(1051): WP_Block->render()
#24 /var/www/woo/wp-includes/blocks.php(1089): render_block()
#25 /var/www/woo/wp-includes/block-template.php(240): do_blocks()
#26 /var/www/woo/wp-includes/template-canvas.php(12): get_the_block_template_html()
#27 /var/www/woo/wp-includes/template-loader.php(106): include('...')
#28 /var/www/woo/wp-blog-header.php(19): require_once('...')
#29 /var/www/woo/index.php(17): require('...')
#30 {main}
  thrown in /var/www/woo/wp-content/plugins/get/gr-connect.php on line 32

2023-05-17T13:35:43+00:00 CRITICAL Uncaught Error: Class "WC" not found in /var/www/woo/wp-content/plugins/get/gr-connect.php:32
Stack trace:
#0 /var/www/woo/wp-includes/class-wp-hook.php(308): GetReview\Connect->test()
#1 /var/www/woo/wp-includes/class-wp-hook.php(332): WP_Hook->apply_filters()
#2 /var/www/woo/wp-includes/plugin.php(517): WP_Hook->do_action()
#3 /var/www/woo/wp-content/plugins/woocommerce/templates/checkout/payment.php(49): do_action()
#4 /var/www/woo/wp-content/plugins/woocommerce/includes/wc-core-functions.php(345): include('...')
#5 /var/www/woo/wp-content/plugins/woocommerce/includes/wc-template-functions.php(2387): wc_get_template()
#6 /var/www/woo/wp-includes/class-wp-hook.php(308): woocommerce_checkout_payment()
#7 /var/www/woo/wp-includes/class-wp-hook.php(332): WP_Hook->apply_filters()
#8 /var/www/woo/wp-includes/plugin.php(517): WP_Hook->do_action()
#9 /var/www/woo/wp-content/plugins/woocommerce/templates/checkout/form-checkout.php(59): do_action()
#10 /var/www/woo/wp-content/plugins/woocommerce/includes/wc-core-functions.php(345): include('...')
#11 /var/www/woo/wp-content/plugins/woocommerce/includes/shortcodes/class-wc-shortcode-checkout.php(316): wc_get_template()
#12 /var/www/woo/wp-content/plugins/woocommerce/includes/shortcodes/class-wc-shortcode-checkout.php(67): WC_Shortcode_Checkout::checkout()
#13 /var/www/woo/wp-content/plugins/woocommerce/includes/class-wc-shortcodes.php(72): WC_Shortcode_Checkout::output()
#14 /var/www/woo/wp-content/plugins/woocommerce/includes/class-wc-shortcodes.php(95): WC_Shortcodes::shortcode_wrapper()
#15 /var/www/woo/wp-includes/shortcodes.php(355): WC_Shortcodes::checkout()
#16 [internal function]: do_shortcode_tag()
#17 /var/www/woo/wp-includes/shortcodes.php(227): preg_replace_callback()
#18 /var/www/woo/wp-includes/class-wp-hook.php(308): do_shortcode()
#19 /var/www/woo/wp-includes/plugin.php(205): WP_Hook->apply_filters()
#20 /var/www/woo/wp-includes/blocks/post-content.php(55): apply_filters()
#21 /var/www/woo/wp-includes/class-wp-block.php(256): render_block_core_post_content()
#22 /var/www/woo/wp-includes/class-wp-block.php(242): WP_Block->render()
#23 /var/www/woo/wp-includes/blocks.php(1051): WP_Block->render()
#24 /var/www/woo/wp-includes/blocks.php(1089): render_block()
#25 /var/www/woo/wp-includes/block-template.php(240): do_blocks()
#26 /var/www/woo/wp-includes/template-canvas.php(12): get_the_block_template_html()
#27 /var/www/woo/wp-includes/template-loader.php(106): include('...')
#28 /var/www/woo/wp-blog-header.php(19): require_once('...')
#29 /var/www/woo/index.php(17): require('...')
#30 {main}
  thrown in /var/www/woo/wp-content/plugins/get/gr-connect.php on line 32

2023-05-17T13:35:44+00:00 CRITICAL Uncaught Error: Class "WC" not found in /var/www/woo/wp-content/plugins/get/gr-connect.php:32
Stack trace:
#0 /var/www/woo/wp-includes/class-wp-hook.php(308): GetReview\Connect->test()
#1 /var/www/woo/wp-includes/class-wp-hook.php(332): WP_Hook->apply_filters()
#2 /var/www/woo/wp-includes/plugin.php(517): WP_Hook->do_action()
#3 /var/www/woo/wp-content/plugins/woocommerce/templates/checkout/payment.php(49): do_action()
#4 /var/www/woo/wp-content/plugins/woocommerce/includes/wc-core-functions.php(345): include('...')
#5 /var/www/woo/wp-content/plugins/woocommerce/includes/wc-template-functions.php(2387): wc_get_template()
#6 /var/www/woo/wp-includes/class-wp-hook.php(308): woocommerce_checkout_payment()
#7 /var/www/woo/wp-includes/class-wp-hook.php(332): WP_Hook->apply_filters()
#8 /var/www/woo/wp-includes/plugin.php(517): WP_Hook->do_action()
#9 /var/www/woo/wp-content/plugins/woocommerce/templates/checkout/form-checkout.php(59): do_action()
#10 /var/www/woo/wp-content/plugins/woocommerce/includes/wc-core-functions.php(345): include('...')
#11 /var/www/woo/wp-content/plugins/woocommerce/includes/shortcodes/class-wc-shortcode-checkout.php(316): wc_get_template()
#12 /var/www/woo/wp-content/plugins/woocommerce/includes/shortcodes/class-wc-shortcode-checkout.php(67): WC_Shortcode_Checkout::checkout()
#13 /var/www/woo/wp-content/plugins/woocommerce/includes/class-wc-shortcodes.php(72): WC_Shortcode_Checkout::output()
#14 /var/www/woo/wp-content/plugins/woocommerce/includes/class-wc-shortcodes.php(95): WC_Shortcodes::shortcode_wrapper()
#15 /var/www/woo/wp-includes/shortcodes.php(355): WC_Shortcodes::checkout()
#16 [internal function]: do_shortcode_tag()
#17 /var/www/woo/wp-includes/shortcodes.php(227): preg_replace_callback()
#18 /var/www/woo/wp-includes/class-wp-hook.php(308): do_shortcode()
#19 /var/www/woo/wp-includes/plugin.php(205): WP_Hook->apply_filters()
#20 /var/www/woo/wp-includes/blocks/post-content.php(55): apply_filters()
#21 /var/www/woo/wp-includes/class-wp-block.php(256): render_block_core_post_content()
#22 /var/www/woo/wp-includes/class-wp-block.php(242): WP_Block->render()
#23 /var/www/woo/wp-includes/blocks.php(1051): WP_Block->render()
#24 /var/www/woo/wp-includes/blocks.php(1089): render_block()
#25 /var/www/woo/wp-includes/block-template.php(240): do_blocks()
#26 /var/www/woo/wp-includes/template-canvas.php(12): get_the_block_template_html()
#27 /var/www/woo/wp-includes/template-loader.php(106): include('...')
#28 /var/www/woo/wp-blog-header.php(19): require_once('...')
#29 /var/www/woo/index.php(17): require('...')
#30 {main}
  thrown in /var/www/woo/wp-content/plugins/get/gr-connect.php on line 32

2023-05-17T13:37:36+00:00 CRITICAL Uncaught Error: Class "WC" not found in /var/www/woo/wp-content/plugins/get/gr-connect.php:32
Stack trace:
#0 /var/www/woo/wp-includes/class-wp-hook.php(308): GetReview\Connect->test()
#1 /var/www/woo/wp-includes/class-wp-hook.php(332): WP_Hook->apply_filters()
#2 /var/www/woo/wp-includes/plugin.php(517): WP_Hook->do_action()
#3 /var/www/woo/wp-content/plugins/woocommerce/templates/checkout/payment.php(49): do_action()
#4 /var/www/woo/wp-content/plugins/woocommerce/includes/wc-core-functions.php(345): include('...')
#5 /var/www/woo/wp-content/plugins/woocommerce/includes/wc-template-functions.php(2387): wc_get_template()
#6 /var/www/woo/wp-includes/class-wp-hook.php(308): woocommerce_checkout_payment()
#7 /var/www/woo/wp-includes/class-wp-hook.php(332): WP_Hook->apply_filters()
#8 /var/www/woo/wp-includes/plugin.php(517): WP_Hook->do_action()
#9 /var/www/woo/wp-content/plugins/woocommerce/templates/checkout/form-checkout.php(59): do_action()
#10 /var/www/woo/wp-content/plugins/woocommerce/includes/wc-core-functions.php(345): include('...')
#11 /var/www/woo/wp-content/plugins/woocommerce/includes/shortcodes/class-wc-shortcode-checkout.php(316): wc_get_template()
#12 /var/www/woo/wp-content/plugins/woocommerce/includes/shortcodes/class-wc-shortcode-checkout.php(67): WC_Shortcode_Checkout::checkout()
#13 /var/www/woo/wp-content/plugins/woocommerce/includes/class-wc-shortcodes.php(72): WC_Shortcode_Checkout::output()
#14 /var/www/woo/wp-content/plugins/woocommerce/includes/class-wc-shortcodes.php(95): WC_Shortcodes::shortcode_wrapper()
#15 /var/www/woo/wp-includes/shortcodes.php(355): WC_Shortcodes::checkout()
#16 [internal function]: do_shortcode_tag()
#17 /var/www/woo/wp-includes/shortcodes.php(227): preg_replace_callback()
#18 /var/www/woo/wp-includes/class-wp-hook.php(308): do_shortcode()
#19 /var/www/woo/wp-includes/plugin.php(205): WP_Hook->apply_filters()
#20 /var/www/woo/wp-includes/blocks/post-content.php(55): apply_filters()
#21 /var/www/woo/wp-includes/class-wp-block.php(256): render_block_core_post_content()
#22 /var/www/woo/wp-includes/class-wp-block.php(242): WP_Block->render()
#23 /var/www/woo/wp-includes/blocks.php(1051): WP_Block->render()
#24 /var/www/woo/wp-includes/blocks.php(1089): render_block()
#25 /var/www/woo/wp-includes/block-template.php(240): do_blocks()
#26 /var/www/woo/wp-includes/template-canvas.php(12): get_the_block_template_html()
#27 /var/www/woo/wp-includes/template-loader.php(106): include('...')
#28 /var/www/woo/wp-blog-header.php(19): require_once('...')
#29 /var/www/woo/index.php(17): require('...')
#30 {main}
  thrown in /var/www/woo/wp-content/plugins/get/gr-connect.php on line 32

2023-05-17T13:37:38+00:00 CRITICAL Uncaught Error: Class "WC" not found in /var/www/woo/wp-content/plugins/get/gr-connect.php:32
Stack trace:
#0 /var/www/woo/wp-includes/class-wp-hook.php(308): GetReview\Connect->test()
#1 /var/www/woo/wp-includes/class-wp-hook.php(332): WP_Hook->apply_filters()
#2 /var/www/woo/wp-includes/plugin.php(517): WP_Hook->do_action()
#3 /var/www/woo/wp-content/plugins/woocommerce/templates/checkout/payment.php(49): do_action()
#4 /var/www/woo/wp-content/plugins/woocommerce/includes/wc-core-functions.php(345): include('...')
#5 /var/www/woo/wp-content/plugins/woocommerce/includes/wc-template-functions.php(2387): wc_get_template()
#6 /var/www/woo/wp-includes/class-wp-hook.php(308): woocommerce_checkout_payment()
#7 /var/www/woo/wp-includes/class-wp-hook.php(332): WP_Hook->apply_filters()
#8 /var/www/woo/wp-includes/plugin.php(517): WP_Hook->do_action()
#9 /var/www/woo/wp-content/plugins/woocommerce/templates/checkout/form-checkout.php(59): do_action()
#10 /var/www/woo/wp-content/plugins/woocommerce/includes/wc-core-functions.php(345): include('...')
#11 /var/www/woo/wp-content/plugins/woocommerce/includes/shortcodes/class-wc-shortcode-checkout.php(316): wc_get_template()
#12 /var/www/woo/wp-content/plugins/woocommerce/includes/shortcodes/class-wc-shortcode-checkout.php(67): WC_Shortcode_Checkout::checkout()
#13 /var/www/woo/wp-content/plugins/woocommerce/includes/class-wc-shortcodes.php(72): WC_Shortcode_Checkout::output()
#14 /var/www/woo/wp-content/plugins/woocommerce/includes/class-wc-shortcodes.php(95): WC_Shortcodes::shortcode_wrapper()
#15 /var/www/woo/wp-includes/shortcodes.php(355): WC_Shortcodes::checkout()
#16 [internal function]: do_shortcode_tag()
#17 /var/www/woo/wp-includes/shortcodes.php(227): preg_replace_callback()
#18 /var/www/woo/wp-includes/class-wp-hook.php(308): do_shortcode()
#19 /var/www/woo/wp-includes/plugin.php(205): WP_Hook->apply_filters()
#20 /var/www/woo/wp-includes/blocks/post-content.php(55): apply_filters()
#21 /var/www/woo/wp-includes/class-wp-block.php(256): render_block_core_post_content()
#22 /var/www/woo/wp-includes/class-wp-block.php(242): WP_Block->render()
#23 /var/www/woo/wp-includes/blocks.php(1051): WP_Block->render()
#24 /var/www/woo/wp-includes/blocks.php(1089): render_block()
#25 /var/www/woo/wp-includes/block-template.php(240): do_blocks()
#26 /var/www/woo/wp-includes/template-canvas.php(12): get_the_block_template_html()
#27 /var/www/woo/wp-includes/template-loader.php(106): include('...')
#28 /var/www/woo/wp-blog-header.php(19): require_once('...')
#29 /var/www/woo/index.php(17): require('...')
#30 {main}
  thrown in /var/www/woo/wp-content/plugins/get/gr-connect.php on line 32

