2023-05-18T11:22:10+00:00 CRITICAL Uncaught Error: Call to undefined function GetReview\write() in /var/www/woo/wp-content/plugins/get/gr-connect.php:140
Stack trace:
#0 /var/www/woo/wp-includes/class-wp-hook.php(310): GetReview\Connect->checkReviewRequestAtCheckout()
#1 /var/www/woo/wp-includes/class-wp-hook.php(332): WP_Hook->apply_filters()
#2 /var/www/woo/wp-includes/plugin.php(517): WP_Hook->do_action()
#3 /var/www/woo/wp-content/plugins/woocommerce/includes/class-wc-checkout.php(456): do_action()
#4 /var/www/woo/wp-content/plugins/woocommerce/includes/class-wc-checkout.php(1256): WC_Checkout->create_order()
#5 /var/www/woo/wp-content/plugins/woocommerce/includes/class-wc-ajax.php(485): WC_Checkout->process_checkout()
#6 /var/www/woo/wp-includes/class-wp-hook.php(308): WC_AJAX::checkout()
#7 /var/www/woo/wp-includes/class-wp-hook.php(332): WP_Hook->apply_filters()
#8 /var/www/woo/wp-includes/plugin.php(517): WP_Hook->do_action()
#9 /var/www/woo/wp-content/plugins/woocommerce/includes/class-wc-ajax.php(96): do_action()
#10 /var/www/woo/wp-includes/class-wp-hook.php(308): WC_AJAX::do_wc_ajax()
#11 /var/www/woo/wp-includes/class-wp-hook.php(332): WP_Hook->apply_filters()
#12 /var/www/woo/wp-includes/plugin.php(517): WP_Hook->do_action()
#13 /var/www/woo/wp-includes/template-loader.php(13): do_action()
#14 /var/www/woo/wp-blog-header.php(19): require_once('...')
#15 /var/www/woo/index.php(17): require('...')
#16 {main}
  thrown in /var/www/woo/wp-content/plugins/get/gr-connect.php on line 140

2023-05-18T11:22:22+00:00 CRITICAL Uncaught Error: Call to undefined function GetReview\write() in /var/www/woo/wp-content/plugins/get/gr-connect.php:140
Stack trace:
#0 /var/www/woo/wp-includes/class-wp-hook.php(310): GetReview\Connect->checkReviewRequestAtCheckout()
#1 /var/www/woo/wp-includes/class-wp-hook.php(332): WP_Hook->apply_filters()
#2 /var/www/woo/wp-includes/plugin.php(517): WP_Hook->do_action()
#3 /var/www/woo/wp-content/plugins/woocommerce/includes/class-wc-checkout.php(456): do_action()
#4 /var/www/woo/wp-content/plugins/woocommerce/includes/class-wc-checkout.php(1256): WC_Checkout->create_order()
#5 /var/www/woo/wp-content/plugins/woocommerce/includes/class-wc-ajax.php(485): WC_Checkout->process_checkout()
#6 /var/www/woo/wp-includes/class-wp-hook.php(308): WC_AJAX::checkout()
#7 /var/www/woo/wp-includes/class-wp-hook.php(332): WP_Hook->apply_filters()
#8 /var/www/woo/wp-includes/plugin.php(517): WP_Hook->do_action()
#9 /var/www/woo/wp-content/plugins/woocommerce/includes/class-wc-ajax.php(96): do_action()
#10 /var/www/woo/wp-includes/class-wp-hook.php(308): WC_AJAX::do_wc_ajax()
#11 /var/www/woo/wp-includes/class-wp-hook.php(332): WP_Hook->apply_filters()
#12 /var/www/woo/wp-includes/plugin.php(517): WP_Hook->do_action()
#13 /var/www/woo/wp-includes/template-loader.php(13): do_action()
#14 /var/www/woo/wp-blog-header.php(19): require_once('...')
#15 /var/www/woo/index.php(17): require('...')
#16 {main}
  thrown in /var/www/woo/wp-content/plugins/get/gr-connect.php on line 140

2023-05-18T11:22:41+00:00 CRITICAL Uncaught Error: Call to undefined function GetReview\write() in /var/www/woo/wp-content/plugins/get/gr-connect.php:140
Stack trace:
#0 /var/www/woo/wp-includes/class-wp-hook.php(310): GetReview\Connect->checkReviewRequestAtCheckout()
#1 /var/www/woo/wp-includes/class-wp-hook.php(332): WP_Hook->apply_filters()
#2 /var/www/woo/wp-includes/plugin.php(517): WP_Hook->do_action()
#3 /var/www/woo/wp-content/plugins/woocommerce/includes/class-wc-checkout.php(456): do_action()
#4 /var/www/woo/wp-content/plugins/woocommerce/includes/class-wc-checkout.php(1256): WC_Checkout->create_order()
#5 /var/www/woo/wp-content/plugins/woocommerce/includes/class-wc-ajax.php(485): WC_Checkout->process_checkout()
#6 /var/www/woo/wp-includes/class-wp-hook.php(308): WC_AJAX::checkout()
#7 /var/www/woo/wp-includes/class-wp-hook.php(332): WP_Hook->apply_filters()
#8 /var/www/woo/wp-includes/plugin.php(517): WP_Hook->do_action()
#9 /var/www/woo/wp-content/plugins/woocommerce/includes/class-wc-ajax.php(96): do_action()
#10 /var/www/woo/wp-includes/class-wp-hook.php(308): WC_AJAX::do_wc_ajax()
#11 /var/www/woo/wp-includes/class-wp-hook.php(332): WP_Hook->apply_filters()
#12 /var/www/woo/wp-includes/plugin.php(517): WP_Hook->do_action()
#13 /var/www/woo/wp-includes/template-loader.php(13): do_action()
#14 /var/www/woo/wp-blog-header.php(19): require_once('...')
#15 /var/www/woo/index.php(17): require('...')
#16 {main}
  thrown in /var/www/woo/wp-content/plugins/get/gr-connect.php on line 140

2023-05-18T11:22:58+00:00 CRITICAL Uncaught Error: Call to undefined function GetReview\write() in /var/www/woo/wp-content/plugins/get/gr-connect.php:140
Stack trace:
#0 /var/www/woo/wp-includes/class-wp-hook.php(310): GetReview\Connect->checkReviewRequestAtCheckout()
#1 /var/www/woo/wp-includes/class-wp-hook.php(332): WP_Hook->apply_filters()
#2 /var/www/woo/wp-includes/plugin.php(517): WP_Hook->do_action()
#3 /var/www/woo/wp-content/plugins/woocommerce/includes/class-wc-checkout.php(456): do_action()
#4 /var/www/woo/wp-content/plugins/woocommerce/includes/class-wc-checkout.php(1256): WC_Checkout->create_order()
#5 /var/www/woo/wp-content/plugins/woocommerce/includes/class-wc-ajax.php(485): WC_Checkout->process_checkout()
#6 /var/www/woo/wp-includes/class-wp-hook.php(308): WC_AJAX::checkout()
#7 /var/www/woo/wp-includes/class-wp-hook.php(332): WP_Hook->apply_filters()
#8 /var/www/woo/wp-includes/plugin.php(517): WP_Hook->do_action()
#9 /var/www/woo/wp-content/plugins/woocommerce/includes/class-wc-ajax.php(96): do_action()
#10 /var/www/woo/wp-includes/class-wp-hook.php(308): WC_AJAX::do_wc_ajax()
#11 /var/www/woo/wp-includes/class-wp-hook.php(332): WP_Hook->apply_filters()
#12 /var/www/woo/wp-includes/plugin.php(517): WP_Hook->do_action()
#13 /var/www/woo/wp-includes/template-loader.php(13): do_action()
#14 /var/www/woo/wp-blog-header.php(19): require_once('...')
#15 /var/www/woo/index.php(17): require('...')
#16 {main}
  thrown in /var/www/woo/wp-content/plugins/get/gr-connect.php on line 140

2023-05-18T15:06:01+00:00 CRITICAL Uncaught TypeError: array_map(): Argument #2 ($array) must be of type array, null given in /var/www/woo/wp-content/plugins/get/gr-connect.php:235
Stack trace:
#0 /var/www/woo/wp-content/plugins/get/gr-connect.php(235): array_map()
#1 /var/www/woo/wp-includes/class-wp-hook.php(308): GetReview\Connect->createOrderUpdateWebhook()
#2 /var/www/woo/wp-includes/class-wp-hook.php(332): WP_Hook->apply_filters()
#3 /var/www/woo/wp-includes/plugin.php(517): WP_Hook->do_action()
#4 /var/www/woo/wp-admin/admin-header.php(163): do_action()
#5 /var/www/woo/wp-admin/admin.php(239): require_once('...')
#6 {main}
  thrown in /var/www/woo/wp-content/plugins/get/gr-connect.php on line 235

2023-05-18T15:06:04+00:00 CRITICAL Uncaught TypeError: array_map(): Argument #2 ($array) must be of type array, null given in /var/www/woo/wp-content/plugins/get/gr-connect.php:235
Stack trace:
#0 /var/www/woo/wp-content/plugins/get/gr-connect.php(235): array_map()
#1 /var/www/woo/wp-includes/class-wp-hook.php(308): GetReview\Connect->createOrderUpdateWebhook()
#2 /var/www/woo/wp-includes/class-wp-hook.php(332): WP_Hook->apply_filters()
#3 /var/www/woo/wp-includes/plugin.php(517): WP_Hook->do_action()
#4 /var/www/woo/wp-admin/admin-header.php(163): do_action()
#5 /var/www/woo/wp-admin/admin.php(239): require_once('...')
#6 {main}
  thrown in /var/www/woo/wp-content/plugins/get/gr-connect.php on line 235

2023-05-18T15:06:50+00:00 CRITICAL Uncaught TypeError: array_map(): Argument #2 ($array) must be of type array, null given in /var/www/woo/wp-content/plugins/get/gr-connect.php:235
Stack trace:
#0 /var/www/woo/wp-content/plugins/get/gr-connect.php(235): array_map()
#1 /var/www/woo/wp-includes/class-wp-hook.php(308): GetReview\Connect->createOrderUpdateWebhook()
#2 /var/www/woo/wp-includes/class-wp-hook.php(332): WP_Hook->apply_filters()
#3 /var/www/woo/wp-includes/plugin.php(517): WP_Hook->do_action()
#4 /var/www/woo/wp-admin/admin-header.php(163): do_action()
#5 /var/www/woo/wp-admin/admin.php(239): require_once('...')
#6 {main}
  thrown in /var/www/woo/wp-content/plugins/get/gr-connect.php on line 235

2023-05-18T15:06:51+00:00 CRITICAL Uncaught TypeError: array_map(): Argument #2 ($array) must be of type array, null given in /var/www/woo/wp-content/plugins/get/gr-connect.php:235
Stack trace:
#0 /var/www/woo/wp-content/plugins/get/gr-connect.php(235): array_map()
#1 /var/www/woo/wp-includes/class-wp-hook.php(308): GetReview\Connect->createOrderUpdateWebhook()
#2 /var/www/woo/wp-includes/class-wp-hook.php(332): WP_Hook->apply_filters()
#3 /var/www/woo/wp-includes/plugin.php(517): WP_Hook->do_action()
#4 /var/www/woo/wp-admin/admin-header.php(163): do_action()
#5 /var/www/woo/wp-admin/admin.php(239): require_once('...')
#6 {main}
  thrown in /var/www/woo/wp-content/plugins/get/gr-connect.php on line 235

2023-05-18T15:08:50+00:00 CRITICAL Uncaught Error: Class "GetReview\WC_Webhook" not found in /var/www/woo/wp-content/plugins/get/gr-connect.php:236
Stack trace:
#0 /var/www/woo/wp-includes/class-wp-hook.php(308): GetReview\Connect->createOrderUpdateWebhook()
#1 /var/www/woo/wp-includes/class-wp-hook.php(332): WP_Hook->apply_filters()
#2 /var/www/woo/wp-includes/plugin.php(517): WP_Hook->do_action()
#3 /var/www/woo/wp-admin/admin-header.php(163): do_action()
#4 /var/www/woo/wp-admin/admin.php(239): require_once('...')
#5 {main}
  thrown in /var/www/woo/wp-content/plugins/get/gr-connect.php on line 236

2023-05-18T15:09:13+00:00 CRITICAL Uncaught Error: Class "GetReview\WC_Webhook" not found in /var/www/woo/wp-content/plugins/get/gr-connect.php:236
Stack trace:
#0 /var/www/woo/wp-includes/class-wp-hook.php(308): GetReview\Connect->createOrderUpdateWebhook()
#1 /var/www/woo/wp-includes/class-wp-hook.php(332): WP_Hook->apply_filters()
#2 /var/www/woo/wp-includes/plugin.php(517): WP_Hook->do_action()
#3 /var/www/woo/wp-admin/admin-header.php(163): do_action()
#4 /var/www/woo/wp-admin/admin.php(239): require_once('...')
#5 {main}
  thrown in /var/www/woo/wp-content/plugins/get/gr-connect.php on line 236

2023-05-18T15:09:15+00:00 CRITICAL Uncaught Error: Class "GetReview\WC_Webhook" not found in /var/www/woo/wp-content/plugins/get/gr-connect.php:236
Stack trace:
#0 /var/www/woo/wp-includes/class-wp-hook.php(308): GetReview\Connect->createOrderUpdateWebhook()
#1 /var/www/woo/wp-includes/class-wp-hook.php(332): WP_Hook->apply_filters()
#2 /var/www/woo/wp-includes/plugin.php(517): WP_Hook->do_action()
#3 /var/www/woo/wp-admin/admin-header.php(163): do_action()
#4 /var/www/woo/wp-admin/admin.php(239): require_once('...')
#5 {main}
  thrown in /var/www/woo/wp-content/plugins/get/gr-connect.php on line 236

2023-05-18T15:22:55+00:00 CRITICAL Uncaught Error: Call to a member function read() on null in /var/www/woo/wp-content/plugins/get/gr-connect.php:234
Stack trace:
#0 /var/www/woo/wp-includes/class-wp-hook.php(308): GetReview\Connect->createOrderUpdateWebhook()
#1 /var/www/woo/wp-includes/class-wp-hook.php(332): WP_Hook->apply_filters()
#2 /var/www/woo/wp-includes/plugin.php(517): WP_Hook->do_action()
#3 /var/www/woo/wp-admin/admin-header.php(163): do_action()
#4 /var/www/woo/wp-admin/admin.php(239): require_once('...')
#5 {main}
  thrown in /var/www/woo/wp-content/plugins/get/gr-connect.php on line 234

2023-05-18T15:22:57+00:00 CRITICAL Uncaught Error: Call to a member function read() on null in /var/www/woo/wp-content/plugins/get/gr-connect.php:234
Stack trace:
#0 /var/www/woo/wp-includes/class-wp-hook.php(308): GetReview\Connect->createOrderUpdateWebhook()
#1 /var/www/woo/wp-includes/class-wp-hook.php(332): WP_Hook->apply_filters()
#2 /var/www/woo/wp-includes/plugin.php(517): WP_Hook->do_action()
#3 /var/www/woo/wp-admin/admin-header.php(163): do_action()
#4 /var/www/woo/wp-admin/admin.php(239): require_once('...')
#5 {main}
  thrown in /var/www/woo/wp-content/plugins/get/gr-connect.php on line 234

2023-05-18T15:22:59+00:00 CRITICAL Uncaught Error: Call to a member function read() on null in /var/www/woo/wp-content/plugins/get/gr-connect.php:234
Stack trace:
#0 /var/www/woo/wp-includes/class-wp-hook.php(308): GetReview\Connect->createOrderUpdateWebhook()
#1 /var/www/woo/wp-includes/class-wp-hook.php(332): WP_Hook->apply_filters()
#2 /var/www/woo/wp-includes/plugin.php(517): WP_Hook->do_action()
#3 /var/www/woo/wp-admin/admin-header.php(163): do_action()
#4 /var/www/woo/wp-admin/admin.php(239): require_once('...')
#5 {main}
  thrown in /var/www/woo/wp-content/plugins/get/gr-connect.php on line 234

2023-05-18T15:23:29+00:00 CRITICAL Uncaught Error: Call to a member function read() on null in /var/www/woo/wp-content/plugins/get/gr-connect.php:234
Stack trace:
#0 /var/www/woo/wp-includes/class-wp-hook.php(308): GetReview\Connect->createOrderUpdateWebhook()
#1 /var/www/woo/wp-includes/class-wp-hook.php(332): WP_Hook->apply_filters()
#2 /var/www/woo/wp-includes/plugin.php(517): WP_Hook->do_action()
#3 /var/www/woo/wp-admin/admin-header.php(163): do_action()
#4 /var/www/woo/wp-admin/admin.php(239): require_once('...')
#5 {main}
  thrown in /var/www/woo/wp-content/plugins/get/gr-connect.php on line 234

2023-05-18T15:23:32+00:00 CRITICAL Uncaught Error: Call to a member function read() on null in /var/www/woo/wp-content/plugins/get/gr-connect.php:235
Stack trace:
#0 /var/www/woo/wp-includes/class-wp-hook.php(308): GetReview\Connect->createOrderUpdateWebhook()
#1 /var/www/woo/wp-includes/class-wp-hook.php(332): WP_Hook->apply_filters()
#2 /var/www/woo/wp-includes/plugin.php(517): WP_Hook->do_action()
#3 /var/www/woo/wp-admin/admin-header.php(163): do_action()
#4 /var/www/woo/wp-admin/admin.php(239): require_once('...')
#5 {main}
  thrown in /var/www/woo/wp-content/plugins/get/gr-connect.php on line 235

2023-05-18T15:23:34+00:00 CRITICAL Uncaught Error: Call to a member function read() on null in /var/www/woo/wp-content/plugins/get/gr-connect.php:235
Stack trace:
#0 /var/www/woo/wp-includes/class-wp-hook.php(308): GetReview\Connect->createOrderUpdateWebhook()
#1 /var/www/woo/wp-includes/class-wp-hook.php(332): WP_Hook->apply_filters()
#2 /var/www/woo/wp-includes/plugin.php(517): WP_Hook->do_action()
#3 /var/www/woo/wp-admin/admin-header.php(163): do_action()
#4 /var/www/woo/wp-admin/admin.php(239): require_once('...')
#5 {main}
  thrown in /var/www/woo/wp-content/plugins/get/gr-connect.php on line 235

2023-05-18T15:23:35+00:00 CRITICAL Uncaught Error: Call to a member function read() on null in /var/www/woo/wp-content/plugins/get/gr-connect.php:235
Stack trace:
#0 /var/www/woo/wp-includes/class-wp-hook.php(308): GetReview\Connect->createOrderUpdateWebhook()
#1 /var/www/woo/wp-includes/class-wp-hook.php(332): WP_Hook->apply_filters()
#2 /var/www/woo/wp-includes/plugin.php(517): WP_Hook->do_action()
#3 /var/www/woo/wp-admin/admin-header.php(163): do_action()
#4 /var/www/woo/wp-admin/admin.php(239): require_once('...')
#5 {main}
  thrown in /var/www/woo/wp-content/plugins/get/gr-connect.php on line 235

2023-05-18T15:26:50+00:00 CRITICAL Uncaught Error: Class "GetReview\WC_Webhook_Data_Store" not found in /var/www/woo/wp-content/plugins/get/gr-connect.php:232
Stack trace:
#0 /var/www/woo/wp-includes/class-wp-hook.php(308): GetReview\Connect->createOrderUpdateWebhook()
#1 /var/www/woo/wp-includes/class-wp-hook.php(332): WP_Hook->apply_filters()
#2 /var/www/woo/wp-includes/plugin.php(517): WP_Hook->do_action()
#3 /var/www/woo/wp-admin/admin-header.php(163): do_action()
#4 /var/www/woo/wp-admin/admin.php(239): require_once('...')
#5 {main}
  thrown in /var/www/woo/wp-content/plugins/get/gr-connect.php on line 232

2023-05-18T15:26:59+00:00 CRITICAL Uncaught Error: Class "GetReview\WC_Webhook_Data_Store" not found in /var/www/woo/wp-content/plugins/get/gr-connect.php:232
Stack trace:
#0 /var/www/woo/wp-includes/class-wp-hook.php(308): GetReview\Connect->createOrderUpdateWebhook()
#1 /var/www/woo/wp-includes/class-wp-hook.php(332): WP_Hook->apply_filters()
#2 /var/www/woo/wp-includes/plugin.php(517): WP_Hook->do_action()
#3 /var/www/woo/wp-admin/admin-header.php(163): do_action()
#4 /var/www/woo/wp-admin/admin.php(239): require_once('...')
#5 {main}
  thrown in /var/www/woo/wp-content/plugins/get/gr-connect.php on line 232

2023-05-18T15:27:00+00:00 CRITICAL Uncaught Error: Class "GetReview\WC_Webhook_Data_Store" not found in /var/www/woo/wp-content/plugins/get/gr-connect.php:232
Stack trace:
#0 /var/www/woo/wp-includes/class-wp-hook.php(308): GetReview\Connect->createOrderUpdateWebhook()
#1 /var/www/woo/wp-includes/class-wp-hook.php(332): WP_Hook->apply_filters()
#2 /var/www/woo/wp-includes/plugin.php(517): WP_Hook->do_action()
#3 /var/www/woo/wp-admin/admin-header.php(163): do_action()
#4 /var/www/woo/wp-admin/admin.php(239): require_once('...')
#5 {main}
  thrown in /var/www/woo/wp-content/plugins/get/gr-connect.php on line 232

2023-05-18T15:27:01+00:00 CRITICAL Uncaught Error: Class "GetReview\WC_Webhook_Data_Store" not found in /var/www/woo/wp-content/plugins/get/gr-connect.php:232
Stack trace:
#0 /var/www/woo/wp-includes/class-wp-hook.php(308): GetReview\Connect->createOrderUpdateWebhook()
#1 /var/www/woo/wp-includes/class-wp-hook.php(332): WP_Hook->apply_filters()
#2 /var/www/woo/wp-includes/plugin.php(517): WP_Hook->do_action()
#3 /var/www/woo/wp-admin/admin-header.php(163): do_action()
#4 /var/www/woo/wp-admin/admin.php(239): require_once('...')
#5 {main}
  thrown in /var/www/woo/wp-content/plugins/get/gr-connect.php on line 232

2023-05-18T15:27:02+00:00 CRITICAL Uncaught Error: Non-static method WC_Webhook_Data_Store::get_webhooks_ids() cannot be called statically in /var/www/woo/wp-content/plugins/get/gr-connect.php:232
Stack trace:
#0 /var/www/woo/wp-includes/class-wp-hook.php(308): GetReview\Connect->createOrderUpdateWebhook()
#1 /var/www/woo/wp-includes/class-wp-hook.php(332): WP_Hook->apply_filters()
#2 /var/www/woo/wp-includes/plugin.php(517): WP_Hook->do_action()
#3 /var/www/woo/wp-admin/admin-header.php(163): do_action()
#4 /var/www/woo/wp-admin/admin.php(239): require_once('...')
#5 {main}
  thrown in /var/www/woo/wp-content/plugins/get/gr-connect.php on line 232

2023-05-18T15:27:03+00:00 CRITICAL Uncaught Error: Non-static method WC_Webhook_Data_Store::get_webhooks_ids() cannot be called statically in /var/www/woo/wp-content/plugins/get/gr-connect.php:232
Stack trace:
#0 /var/www/woo/wp-includes/class-wp-hook.php(308): GetReview\Connect->createOrderUpdateWebhook()
#1 /var/www/woo/wp-includes/class-wp-hook.php(332): WP_Hook->apply_filters()
#2 /var/www/woo/wp-includes/plugin.php(517): WP_Hook->do_action()
#3 /var/www/woo/wp-admin/admin-header.php(163): do_action()
#4 /var/www/woo/wp-admin/admin.php(239): require_once('...')
#5 {main}
  thrown in /var/www/woo/wp-content/plugins/get/gr-connect.php on line 232

2023-05-18T15:27:04+00:00 CRITICAL Uncaught Error: Non-static method WC_Webhook_Data_Store::get_webhooks_ids() cannot be called statically in /var/www/woo/wp-content/plugins/get/gr-connect.php:232
Stack trace:
#0 /var/www/woo/wp-includes/class-wp-hook.php(308): GetReview\Connect->createOrderUpdateWebhook()
#1 /var/www/woo/wp-includes/class-wp-hook.php(332): WP_Hook->apply_filters()
#2 /var/www/woo/wp-includes/plugin.php(517): WP_Hook->do_action()
#3 /var/www/woo/wp-admin/admin-header.php(163): do_action()
#4 /var/www/woo/wp-admin/admin.php(239): require_once('...')
#5 {main}
  thrown in /var/www/woo/wp-content/plugins/get/gr-connect.php on line 232

2023-05-18T15:43:04+00:00 CRITICAL Uncaught Error: Class "GetReview\WC_Data_Store" not found in /var/www/woo/wp-content/plugins/get/gr-connect.php:232
Stack trace:
#0 /var/www/woo/wp-includes/class-wp-hook.php(308): GetReview\Connect->createOrderUpdateWebhook()
#1 /var/www/woo/wp-includes/class-wp-hook.php(332): WP_Hook->apply_filters()
#2 /var/www/woo/wp-includes/plugin.php(517): WP_Hook->do_action()
#3 /var/www/woo/wp-admin/admin-header.php(163): do_action()
#4 /var/www/woo/wp-admin/admin.php(239): require_once('...')
#5 {main}
  thrown in /var/www/woo/wp-content/plugins/get/gr-connect.php on line 232

2023-05-18T15:43:07+00:00 CRITICAL Uncaught Error: Class "GetReview\WC_Data_Store" not found in /var/www/woo/wp-content/plugins/get/gr-connect.php:232
Stack trace:
#0 /var/www/woo/wp-includes/class-wp-hook.php(308): GetReview\Connect->createOrderUpdateWebhook()
#1 /var/www/woo/wp-includes/class-wp-hook.php(332): WP_Hook->apply_filters()
#2 /var/www/woo/wp-includes/plugin.php(517): WP_Hook->do_action()
#3 /var/www/woo/wp-admin/admin-header.php(163): do_action()
#4 /var/www/woo/wp-admin/admin.php(239): require_once('...')
#5 {main}
  thrown in /var/www/woo/wp-content/plugins/get/gr-connect.php on line 232

2023-05-18T15:43:09+00:00 CRITICAL Uncaught Error: Class "GetReview\WC_Data_Store" not found in /var/www/woo/wp-content/plugins/get/gr-connect.php:232
Stack trace:
#0 /var/www/woo/wp-includes/class-wp-hook.php(308): GetReview\Connect->createOrderUpdateWebhook()
#1 /var/www/woo/wp-includes/class-wp-hook.php(332): WP_Hook->apply_filters()
#2 /var/www/woo/wp-includes/plugin.php(517): WP_Hook->do_action()
#3 /var/www/woo/wp-admin/admin-header.php(163): do_action()
#4 /var/www/woo/wp-admin/admin.php(239): require_once('...')
#5 {main}
  thrown in /var/www/woo/wp-content/plugins/get/gr-connect.php on line 232

2023-05-18T15:43:19+00:00 CRITICAL Uncaught Error: Class "GetReview\WC_Data_Store" not found in /var/www/woo/wp-content/plugins/get/gr-connect.php:232
Stack trace:
#0 /var/www/woo/wp-includes/class-wp-hook.php(308): GetReview\Connect->createOrderUpdateWebhook()
#1 /var/www/woo/wp-includes/class-wp-hook.php(332): WP_Hook->apply_filters()
#2 /var/www/woo/wp-includes/plugin.php(517): WP_Hook->do_action()
#3 /var/www/woo/wp-admin/admin-header.php(163): do_action()
#4 /var/www/woo/wp-admin/admin.php(239): require_once('...')
#5 {main}
  thrown in /var/www/woo/wp-content/plugins/get/gr-connect.php on line 232

